#
# A fatal error has been detected by the Java Runtime Environment:
#
#  SIGSEGV (0xb) at pc=0x00007ff813b620e2, pid=3237, tid=259
#
# JRE version: OpenJDK Runtime Environment JBR-17.0.5+1-653.23-jcef (17.0.5+1) (build 17.0.5+1-b653.23)
# Java VM: OpenJDK 64-Bit Server VM JBR-17.0.5+1-653.23-jcef (17.0.5+1-b653.23, mixed mode, tiered, compressed oops, compressed class ptrs, g1 gc, bsd-amd64)
# Problematic frame:
# C  [libsystem_platform.dylib+0x10e2]  _platform_memmove$VARIANT$Haswell+0xc2
#
# No core dump will be written. Core dumps have been disabled. To enable core dumping, try "ulimit -c unlimited" before starting Java again
#
# If you would like to submit a bug report, please visit:
#   https://youtrack.jetbrains.com/issues/JBR
# The crash happened outside the Java Virtual Machine in native code.
# See problematic frame for where to report the bug.
#

---------------  S U M M A R Y ------------

Command Line: -javaagent:/Applications/IntelliJ IDEA CE.app/Contents/lib/idea_rt.jar=50430:/Applications/IntelliJ IDEA CE.app/Contents/bin -Dfile.encoding=UTF-8 com.paperclip.samples.internal.SpriteRenderingExampleSceneKt

Host: "MacBookPro15,2" x86_64 2300 MHz, 8 cores, 16G, Darwin 22.2.0, macOS 13.1 (22C65)
Time: Sun Jan  8 12:26:54 2023 EST elapsed time: 0.707346 seconds (0d 0h 0m 0s)

---------------  T H R E A D  ---------------

Current thread (0x00007fec82008e00):  JavaThread "main" [_thread_in_native, id=259, stack(0x00007ff7b19ad000,0x00007ff7b21ad000)]

Stack: [0x00007ff7b19ad000,0x00007ff7b21ad000],  sp=0x00007ff7b21a8690,  free space=8173k
Native frames: (J=compiled Java code, j=interpreted, Vv=VM code, C=native code)
C  [libsystem_platform.dylib+0x10e2]  _platform_memmove$VARIANT$Haswell+0xc2
C  [AppleIntelKBLGraphicsGLDriver+0x1f323]  glrWriteTextureData+0x179c
C  [GLEngine+0x1a54a]  glTexImage2D_Exec+0x786
C  [libGL.dylib+0x3190]  glTexImage2D+0x37
C  [liblwjgl_opengl.dylib+0xdfee]
j  org.lwjgl.opengl.GL11C.nglTexImage2D(IIIIIIIIJ)V+0
j  org.lwjgl.opengl.GL11C.glTexImage2D(IIIIIIIIJ)V+14
j  org.lwjgl.opengl.GL11.glTexImage2D(IIIIIIIIJ)V+14
j  com.paperclip.engine.graphics.render.QuadRenderer.create()V+399
j  com.paperclip.engine.scene.GameScene.onCreate()V+63
j  com.paperclip.samples.internal.SpriteRenderingExampleScene.onCreate()V+1
j  com.paperclip.engine.scene.SceneManager.setScene(Lcom/paperclip/engine/scene/Scene;)V+52
j  com.paperclip.engine.scene.SceneManager.setScene(Lkotlin/jvm/functions/Function0;)V+16
j  com.paperclip.engine.application.Application.startApplication()V+104
j  com.paperclip.samples.internal.SpriteRenderingExampleSceneKt.main()V+24
j  com.paperclip.samples.internal.SpriteRenderingExampleSceneKt.main([Ljava/lang/String;)V+0
v  ~StubRoutines::call_stub
V  [libjvm.dylib+0x528102]  JavaCalls::call_helper(JavaValue*, methodHandle const&, JavaCallArguments*, JavaThread*)+0x2a2
V  [libjvm.dylib+0x58c5bc]  jni_invoke_static(JNIEnv_*, JavaValue*, _jobject*, JNICallType, _jmethodID*, JNI_ArgumentPusher*, JavaThread*)+0x13c
V  [libjvm.dylib+0x58fa23]  jni_CallStaticVoidMethod+0x193
C  [libjli.dylib+0x517d]  JavaMain+0x9cd
C  [libjli.dylib+0x7bb4]  __JVMInit_block_invoke+0x44
C  [Foundation+0x41d47]  __NSBLOCKOPERATION_IS_CALLING_OUT_TO_A_BLOCK__+0x7
C  [Foundation+0x41c3f]  -[NSBlockOperation main]+0x62
C  [Foundation+0x41bda]  __NSOPERATION_IS_INVOKING_MAIN__+0x11
C  [Foundation+0x40ed1]  -[NSOperation start]+0x30e
C  [Foundation+0x7f420]  __NSThreadPerformPerform+0xb1
C  [CoreFoundation+0x7fb98]  __CFRUNLOOP_IS_CALLING_OUT_TO_A_SOURCE0_PERFORM_FUNCTION__+0x11
C  [CoreFoundation+0x7fb47]  __CFRunLoopDoSource0+0x9d
C  [CoreFoundation+0x7f921]  __CFRunLoopDoSources0+0xd4
C  [CoreFoundation+0x7e59b]  __CFRunLoopRun+0x3a1
C  [CoreFoundation+0x7db80]  CFRunLoopRunSpecific+0x230
C  [libjli.dylib+0x7212]  CreateExecutionEnvironment+0x182
C  [libjli.dylib+0x2f6d]  JLI_Launch+0x56d
C  [java+0x3c0a]  main+0x18a
C  [dyld+0x6310]  start+0x980

Java frames: (J=compiled Java code, j=interpreted, Vv=VM code)
j  org.lwjgl.opengl.GL11C.nglTexImage2D(IIIIIIIIJ)V+0
j  org.lwjgl.opengl.GL11C.glTexImage2D(IIIIIIIIJ)V+14
j  org.lwjgl.opengl.GL11.glTexImage2D(IIIIIIIIJ)V+14
j  com.paperclip.engine.graphics.render.QuadRenderer.create()V+399
j  com.paperclip.engine.scene.GameScene.onCreate()V+63
j  com.paperclip.samples.internal.SpriteRenderingExampleScene.onCreate()V+1
j  com.paperclip.engine.scene.SceneManager.setScene(Lcom/paperclip/engine/scene/Scene;)V+52
j  com.paperclip.engine.scene.SceneManager.setScene(Lkotlin/jvm/functions/Function0;)V+16
j  com.paperclip.engine.application.Application.startApplication()V+104
j  com.paperclip.samples.internal.SpriteRenderingExampleSceneKt.main()V+24
j  com.paperclip.samples.internal.SpriteRenderingExampleSceneKt.main([Ljava/lang/String;)V+0
v  ~StubRoutines::call_stub

siginfo: si_signo: 11 (SIGSEGV), si_code: 1 (SEGV_MAPERR), si_addr: 0x00000000ffffffff

Register to memory mapping:

RAX=0x000000012dbfe000 points into unknown readable memory: 0x0000000000000000 | 00 00 00 00 00 00 00 00
RBX=0x00000000ffffffff is an unknown value
RCX=0x0 is NULL
RDX=0x0000000000000004 is an unknown value
RSP=0x00007ff7b21a8690 is pointing into the stack for thread: 0x00007fec82008e00
RBP=0x00007ff7b21a8690 is pointing into the stack for thread: 0x00007fec82008e00
RSI=0x00000000ffffffff is an unknown value
RDI=0x000000012dbfe000 points into unknown readable memory: 0x0000000000000000 | 00 00 00 00 00 00 00 00
R8 =0x0 is NULL
R9 =0x00007ff7b21a8868 is pointing into the stack for thread: 0x00007fec82008e00
R10=0x00007fec8493ed10 points into unknown readable memory: 0x0404190801001003 | 03 10 00 01 08 19 04 04
R11=0x000000002dbfe001 is an unknown value
R12=0x0000000000000004 is an unknown value
R13=0x0000000000000001 is an unknown value
R14=0x000000012dbfe000 points into unknown readable memory: 0x0000000000000000 | 00 00 00 00 00 00 00 00
R15=0x0000000000000080 is an unknown value


Registers:
RAX=0x000000012dbfe000, RBX=0x00000000ffffffff, RCX=0x0000000000000000, RDX=0x0000000000000004
RSP=0x00007ff7b21a8690, RBP=0x00007ff7b21a8690, RSI=0x00000000ffffffff, RDI=0x000000012dbfe000
R8 =0x0000000000000000, R9 =0x00007ff7b21a8868, R10=0x00007fec8493ed10, R11=0x000000002dbfe001
R12=0x0000000000000004, R13=0x0000000000000001, R14=0x000000012dbfe000, R15=0x0000000000000080
RIP=0x00007ff813b620e2, EFLAGS=0x0000000000010246, ERR=0x0000000000000004
  TRAPNO=0x000000000000000e

Top of Stack: (sp=0x00007ff7b21a8690)
0x00007ff7b21a8690:   00007ff7b21a89b0 00007ffa210e7323
0x00007ff7b21a86a0:   00007ff7b21a870c 00007fec81b5d7cc
0x00007ff7b21a86b0:   026ec03000000003 00007fec84989c00
0x00007ff7b21a86c0:   00007fec8493ed10 0000000000000001
0x00007ff7b21a86d0:   00000004fffffffc 0000000100000000
0x00007ff7b21a86e0:   0000001600000004 0000000000000001
0x00007ff7b21a86f0:   000000017fffffff 0000000000000000
0x00007ff7b21a8700:   0000000000000000 0000000084989c40
0x00007ff7b21a8710:   0000000000000000 00007fec81bd5098
0x00007ff7b21a8720:   0000000000000080 0000000000000004
0x00007ff7b21a8730:   00007fec84989c75 00007fec84989c76
0x00007ff7b21a8740:   0000000000000001 00007fec84989d18
0x00007ff7b21a8750:   0000000000000000 0000000000000004
0x00007ff7b21a8760:   0000000000000001 0000000000000001
0x00007ff7b21a8770:   0000000000000000 0000000000000004
0x00007ff7b21a8780:   0000000000000000 0000000000000000
0x00007ff7b21a8790:   9a088159b3c7002c 0000000000000000
0x00007ff7b21a87a0:   0000000000000000 0000000000000000
0x00007ff7b21a87b0:   00000001000000c7 0000000000000000
0x00007ff7b21a87c0:   0000000000000000 00007ff700000000
0x00007ff7b21a87d0:   0000000000000000 0000000000000000
0x00007ff7b21a87e0:   0000000000000000 0000000000000000
0x00007ff7b21a87f0:   0000000000000000 00000001000000c7
0x00007ff7b21a8800:   0000000000000000 0000000000000000
0x00007ff7b21a8810:   0000000000000000 0000000000000000
0x00007ff7b21a8820:   0000000000000000 0000000100000000
0x00007ff7b21a8830:   0000000400000001 00007ffa00004400
0x00007ff7b21a8840:   00000000000000c7 0000000000000000
0x00007ff7b21a8850:   0000000000000000 0000000000000000
0x00007ff7b21a8860:   0000000000000000 00007ffa00000004
0x00007ff7b21a8870:   0000000100000001 0000000000000001
0x00007ff7b21a8880:   0000000000000001 0000000400000000 

Instructions: (pc=0x00007ff813b620e2)
0x00007ff813b61fe2:   66 0f df c8 66 0f d7 c1 48 83 c1 10 3d ff ff 00
0x00007ff813b61ff2:   00 74 db f7 d0 0f bc c0 48 01 c1 48 0f b6 44 0f
0x00007ff813b62002:   f0 4c 0f b6 44 0e f0 4c 29 c0 5d c3 90 90 90 90
0x00007ff813b62012:   90 90 90 90 90 90 90 90 90 90 90 90 90 90 55 48
0x00007ff813b62022:   89 e5 49 89 fb 49 29 f3 48 89 f8 49 39 d3 72 1b
0x00007ff813b62032:   48 83 fa 60 76 2f 48 81 fa 00 40 00 00 0f 82 cb
0x00007ff813b62042:   00 00 00 48 89 d1 fc f3 a4 5d c3 48 39 fe 74 f9
0x00007ff813b62052:   48 01 d6 48 01 d7 48 83 fa 60 0f 82 8c 01 00 00
0x00007ff813b62062:   e9 a9 01 00 00 48 83 fa 10 76 56 c5 f8 10 4c 16
0x00007ff813b62072:   f0 48 83 ea 20 76 2a c5 fc 10 06 c5 fc 11 07 48
0x00007ff813b62082:   83 c6 20 48 83 c7 20 48 83 ea 20 72 14 c5 fc 10
0x00007ff813b62092:   06 c5 fc 11 07 48 83 c6 20 48 83 c7 20 48 83 ea
0x00007ff813b620a2:   20 48 83 c2 10 7e 0c c5 f8 10 06 c5 f8 11 07 c5
0x00007ff813b620b2:   f8 57 c0 c5 f8 11 0c 17 c5 f0 57 c9 5d c5 f8 77
0x00007ff813b620c2:   c3 48 83 ea 08 72 10 48 8b 0e 4c 8b 04 16 48 89
0x00007ff813b620d2:   0f 4c 89 04 17 5d c3 48 83 c2 08 74 25 4d 31 c0
0x00007ff813b620e2:   42 8a 0c 06 42 88 0c 07 48 83 ea 01 74 14 42 8a
0x00007ff813b620f2:   4c 06 01 42 88 4c 07 01 49 83 c0 02 48 83 ea 01
0x00007ff813b62102:   75 de 5d c3 66 2e 0f 1f 84 00 00 00 00 00 c5 fc
0x00007ff813b62112:   10 06 48 83 c7 20 48 83 e7 e0 48 89 f9 48 29 c1
0x00007ff813b62122:   48 01 ce 48 29 ca c5 fc 10 0e c5 fc 11 00 c5 fc
0x00007ff813b62132:   57 c0 c5 fc 10 56 20 48 83 c6 40 48 81 ea 80 00
0x00007ff813b62142:   00 00 76 5a 48 f7 c6 1f 00 00 00 74 31 c5 fc 29
0x00007ff813b62152:   0f c5 fc 29 57 20 48 83 c7 40 c5 fc 10 0e c5 fc
0x00007ff813b62162:   10 56 20 48 83 c6 40 48 83 ea 40 77 e0 eb 2f 66
0x00007ff813b62172:   2e 0f 1f 84 00 00 00 00 00 0f 1f 44 00 00 c5 fc
0x00007ff813b62182:   29 0f c5 fc 29 57 20 48 83 c7 40 c5 fc 28 0e c5
0x00007ff813b62192:   fc 28 56 20 48 83 c6 40 48 83 ea 40 77 e0 c5 fc
0x00007ff813b621a2:   10 1c 16 c5 fc 10 64 16 20 c5 fc 29 0f c5 f4 57
0x00007ff813b621b2:   c9 c5 fc 29 57 20 c5 ec 57 d2 c5 fc 11 5c 17 40
0x00007ff813b621c2:   c5 e4 57 db c5 fc 11 64 17 60 c5 dc 57 e4 5d c5
0x00007ff813b621d2:   f8 77 c3 66 2e 0f 1f 84 00 00 00 00 00 90 48 83 


Stack slot to memory mapping:
stack at sp + 0 slots: 0x00007ff7b21a89b0 is pointing into the stack for thread: 0x00007fec82008e00
stack at sp + 1 slots: 0x00007ffa210e7323: glrWriteTextureData+0x179c in /System/Library/Extensions/AppleIntelKBLGraphicsGLDriver.bundle/Contents/MacOS/AppleIntelKBLGraphicsGLDriver at 0x00007ffa210c8000
stack at sp + 2 slots: 0x00007ff7b21a870c is pointing into the stack for thread: 0x00007fec82008e00
stack at sp + 3 slots: 0x00007fec81b5d7cc points into unknown readable memory: 00 00 00 00
stack at sp + 4 slots: 0x026ec03000000003 is an unknown value
stack at sp + 5 slots: 0x00007fec84989c00 points into unknown readable memory: 0x00007fec8493ed10 | 10 ed 93 84 ec 7f 00 00
stack at sp + 6 slots: 0x00007fec8493ed10 points into unknown readable memory: 0x0404190801001003 | 03 10 00 01 08 19 04 04
stack at sp + 7 slots: 0x0000000000000001 is an unknown value


---------------  P R O C E S S  ---------------

Threads class SMR info:
_java_thread_list=0x00006000019897e0, length=13, elements={
0x00007fec82008e00, 0x00007fec8400be00, 0x00007fec85893e00, 0x00007fec82808800,
0x00007fec8282e000, 0x00007fec8380e800, 0x00007fec8205ae00, 0x00007fec8480a400,
0x00007fec8204ce00, 0x00007fec85892200, 0x00007fec84817c00, 0x00007fec848b8400,
0x00007fec839c7400
}

Java Threads: ( => current thread )
=>0x00007fec82008e00 JavaThread "main" [_thread_in_native, id=259, stack(0x00007ff7b19ad000,0x00007ff7b21ad000)]
  0x00007fec8400be00 JavaThread "Reference Handler" daemon [_thread_blocked, id=17667, stack(0x0000700009622000,0x0000700009722000)]
  0x00007fec85893e00 JavaThread "Finalizer" daemon [_thread_blocked, id=18947, stack(0x0000700009725000,0x0000700009825000)]
  0x00007fec82808800 JavaThread "Signal Dispatcher" daemon [_thread_blocked, id=22531, stack(0x000070000992e000,0x0000700009a2e000)]
  0x00007fec8282e000 JavaThread "Service Thread" daemon [_thread_blocked, id=30979, stack(0x0000700009a31000,0x0000700009b31000)]
  0x00007fec8380e800 JavaThread "Monitor Deflation Thread" daemon [_thread_blocked, id=30467, stack(0x0000700009b34000,0x0000700009c34000)]
  0x00007fec8205ae00 JavaThread "C2 CompilerThread0" daemon [_thread_blocked, id=30211, stack(0x0000700009c37000,0x0000700009d37000)]
  0x00007fec8480a400 JavaThread "C1 CompilerThread0" daemon [_thread_blocked, id=29955, stack(0x0000700009d3a000,0x0000700009e3a000)]
  0x00007fec8204ce00 JavaThread "Sweeper thread" daemon [_thread_blocked, id=29443, stack(0x0000700009e3d000,0x0000700009f3d000)]
  0x00007fec85892200 JavaThread "Common-Cleaner" daemon [_thread_blocked, id=23299, stack(0x0000700009f40000,0x000070000a040000)]
  0x00007fec84817c00 JavaThread "Monitor Ctrl-Break" daemon [_thread_in_native, id=23811, stack(0x000070000a043000,0x000070000a143000)]
  0x00007fec848b8400 JavaThread "Notification Thread" daemon [_thread_blocked, id=28675, stack(0x000070000a146000,0x000070000a246000)]
  0x00007fec839c7400 JavaThread "C2 CompilerThread1" daemon [_thread_blocked, id=56843, stack(0x000070000a3cf000,0x000070000a4cf000)]

Other Threads:
  0x00007fec80f09120 VMThread "VM Thread" [stack: 0x000070000951f000,0x000070000961f000] [id=19971]
  0x00007fec81d05f00 WatcherThread [stack: 0x000070000a249000,0x000070000a349000] [id=24067]
  0x00007fec80f07560 GCTaskThread "GC Thread#0" [stack: 0x0000700009010000,0x0000700009110000] [id=12803]
  0x00007fec81904420 ConcurrentGCThread "G1 Main Marker" [stack: 0x0000700009113000,0x0000700009213000] [id=15107]
  0x00007fec85604080 ConcurrentGCThread "G1 Conc#0" [stack: 0x0000700009216000,0x0000700009316000] [id=14851]
  0x00007fec80f079d0 ConcurrentGCThread "G1 Refine#0" [stack: 0x0000700009319000,0x0000700009419000] [id=14339]
  0x00007fec81d04530 ConcurrentGCThread "G1 Service" [stack: 0x000070000941c000,0x000070000951c000] [id=21507]

Threads with active compile tasks:

VM state: not at safepoint (normal execution)

VM Mutex/Monitor currently owned by a thread: None

Heap address: 0x0000000700000000, size: 4096 MB, Compressed Oops mode: Zero based, Oop shift amount: 3

CDS archive(s) not mapped
Compressed class space mapped at: 0x0000000800000000-0x0000000840000000, reserved size: 1073741824
Narrow klass base: 0x0000000800000000, Narrow klass shift: 0, Narrow klass range: 0x40000000

GC Precious Log:
 CPUs: 8 total, 8 available
 Memory: 16384M
 Large Page Support: Disabled
 NUMA Support: Disabled
 Compressed Oops: Enabled (Zero based)
 Heap Region Size: 2M
 Heap Min Capacity: 8M
 Heap Initial Capacity: 256M
 Heap Max Capacity: 4G
 Pre-touch: Disabled
 Parallel Workers: 8
 Concurrent Workers: 2
 Concurrent Refinement Workers: 8
 Periodic GC: Disabled

Heap:
 garbage-first heap   total 262144K, used 20480K [0x0000000700000000, 0x0000000800000000)
  region size 2048K, 9 young (18432K), 0 survivors (0K)
 Metaspace       used 14435K, committed 14656K, reserved 1064960K
  class space    used 1206K, committed 1280K, reserved 1048576K

Heap Regions: E=young(eden), S=young(survivor), O=old, HS=humongous(starts), HC=humongous(continues), CS=collection set, F=free, OA=open archive, CA=closed archive, TAMS=top-at-mark-start (previous, next)
|   0|0x0000000700000000, 0x0000000700200000, 0x0000000700200000|100%|HS|  |TAMS 0x0000000700000000, 0x0000000700000000| Complete 
|   1|0x0000000700200000, 0x0000000700400000, 0x0000000700400000|100%|HC|  |TAMS 0x0000000700200000, 0x0000000700200000| Complete 
|   2|0x0000000700400000, 0x0000000700400000, 0x0000000700600000|  0%| F|  |TAMS 0x0000000700400000, 0x0000000700400000| Untracked 
|   3|0x0000000700600000, 0x0000000700600000, 0x0000000700800000|  0%| F|  |TAMS 0x0000000700600000, 0x0000000700600000| Untracked 
|   4|0x0000000700800000, 0x0000000700800000, 0x0000000700a00000|  0%| F|  |TAMS 0x0000000700800000, 0x0000000700800000| Untracked 
|   5|0x0000000700a00000, 0x0000000700a00000, 0x0000000700c00000|  0%| F|  |TAMS 0x0000000700a00000, 0x0000000700a00000| Untracked 
|   6|0x0000000700c00000, 0x0000000700c00000, 0x0000000700e00000|  0%| F|  |TAMS 0x0000000700c00000, 0x0000000700c00000| Untracked 
|   7|0x0000000700e00000, 0x0000000700e00000, 0x0000000701000000|  0%| F|  |TAMS 0x0000000700e00000, 0x0000000700e00000| Untracked 
|   8|0x0000000701000000, 0x0000000701000000, 0x0000000701200000|  0%| F|  |TAMS 0x0000000701000000, 0x0000000701000000| Untracked 
|   9|0x0000000701200000, 0x0000000701200000, 0x0000000701400000|  0%| F|  |TAMS 0x0000000701200000, 0x0000000701200000| Untracked 
|  10|0x0000000701400000, 0x0000000701400000, 0x0000000701600000|  0%| F|  |TAMS 0x0000000701400000, 0x0000000701400000| Untracked 
|  11|0x0000000701600000, 0x0000000701600000, 0x0000000701800000|  0%| F|  |TAMS 0x0000000701600000, 0x0000000701600000| Untracked 
|  12|0x0000000701800000, 0x0000000701800000, 0x0000000701a00000|  0%| F|  |TAMS 0x0000000701800000, 0x0000000701800000| Untracked 
|  13|0x0000000701a00000, 0x0000000701a00000, 0x0000000701c00000|  0%| F|  |TAMS 0x0000000701a00000, 0x0000000701a00000| Untracked 
|  14|0x0000000701c00000, 0x0000000701c00000, 0x0000000701e00000|  0%| F|  |TAMS 0x0000000701c00000, 0x0000000701c00000| Untracked 
|  15|0x0000000701e00000, 0x0000000701e00000, 0x0000000702000000|  0%| F|  |TAMS 0x0000000701e00000, 0x0000000701e00000| Untracked 
|  16|0x0000000702000000, 0x0000000702000000, 0x0000000702200000|  0%| F|  |TAMS 0x0000000702000000, 0x0000000702000000| Untracked 
|  17|0x0000000702200000, 0x0000000702200000, 0x0000000702400000|  0%| F|  |TAMS 0x0000000702200000, 0x0000000702200000| Untracked 
|  18|0x0000000702400000, 0x0000000702400000, 0x0000000702600000|  0%| F|  |TAMS 0x0000000702400000, 0x0000000702400000| Untracked 
|  19|0x0000000702600000, 0x0000000702600000, 0x0000000702800000|  0%| F|  |TAMS 0x0000000702600000, 0x0000000702600000| Untracked 
|  20|0x0000000702800000, 0x0000000702800000, 0x0000000702a00000|  0%| F|  |TAMS 0x0000000702800000, 0x0000000702800000| Untracked 
|  21|0x0000000702a00000, 0x0000000702a00000, 0x0000000702c00000|  0%| F|  |TAMS 0x0000000702a00000, 0x0000000702a00000| Untracked 
|  22|0x0000000702c00000, 0x0000000702c00000, 0x0000000702e00000|  0%| F|  |TAMS 0x0000000702c00000, 0x0000000702c00000| Untracked 
|  23|0x0000000702e00000, 0x0000000702e00000, 0x0000000703000000|  0%| F|  |TAMS 0x0000000702e00000, 0x0000000702e00000| Untracked 
|  24|0x0000000703000000, 0x0000000703000000, 0x0000000703200000|  0%| F|  |TAMS 0x0000000703000000, 0x0000000703000000| Untracked 
|  25|0x0000000703200000, 0x0000000703200000, 0x0000000703400000|  0%| F|  |TAMS 0x0000000703200000, 0x0000000703200000| Untracked 
|  26|0x0000000703400000, 0x0000000703400000, 0x0000000703600000|  0%| F|  |TAMS 0x0000000703400000, 0x0000000703400000| Untracked 
|  27|0x0000000703600000, 0x0000000703600000, 0x0000000703800000|  0%| F|  |TAMS 0x0000000703600000, 0x0000000703600000| Untracked 
|  28|0x0000000703800000, 0x0000000703800000, 0x0000000703a00000|  0%| F|  |TAMS 0x0000000703800000, 0x0000000703800000| Untracked 
|  29|0x0000000703a00000, 0x0000000703a00000, 0x0000000703c00000|  0%| F|  |TAMS 0x0000000703a00000, 0x0000000703a00000| Untracked 
|  30|0x0000000703c00000, 0x0000000703c00000, 0x0000000703e00000|  0%| F|  |TAMS 0x0000000703c00000, 0x0000000703c00000| Untracked 
|  31|0x0000000703e00000, 0x0000000703e00000, 0x0000000704000000|  0%| F|  |TAMS 0x0000000703e00000, 0x0000000703e00000| Untracked 
|  32|0x0000000704000000, 0x0000000704000000, 0x0000000704200000|  0%| F|  |TAMS 0x0000000704000000, 0x0000000704000000| Untracked 
|  33|0x0000000704200000, 0x0000000704200000, 0x0000000704400000|  0%| F|  |TAMS 0x0000000704200000, 0x0000000704200000| Untracked 
|  34|0x0000000704400000, 0x0000000704400000, 0x0000000704600000|  0%| F|  |TAMS 0x0000000704400000, 0x0000000704400000| Untracked 
|  35|0x0000000704600000, 0x0000000704600000, 0x0000000704800000|  0%| F|  |TAMS 0x0000000704600000, 0x0000000704600000| Untracked 
|  36|0x0000000704800000, 0x0000000704800000, 0x0000000704a00000|  0%| F|  |TAMS 0x0000000704800000, 0x0000000704800000| Untracked 
|  37|0x0000000704a00000, 0x0000000704a00000, 0x0000000704c00000|  0%| F|  |TAMS 0x0000000704a00000, 0x0000000704a00000| Untracked 
|  38|0x0000000704c00000, 0x0000000704c00000, 0x0000000704e00000|  0%| F|  |TAMS 0x0000000704c00000, 0x0000000704c00000| Untracked 
|  39|0x0000000704e00000, 0x0000000704e00000, 0x0000000705000000|  0%| F|  |TAMS 0x0000000704e00000, 0x0000000704e00000| Untracked 
|  40|0x0000000705000000, 0x0000000705000000, 0x0000000705200000|  0%| F|  |TAMS 0x0000000705000000, 0x0000000705000000| Untracked 
|  41|0x0000000705200000, 0x0000000705200000, 0x0000000705400000|  0%| F|  |TAMS 0x0000000705200000, 0x0000000705200000| Untracked 
|  42|0x0000000705400000, 0x0000000705400000, 0x0000000705600000|  0%| F|  |TAMS 0x0000000705400000, 0x0000000705400000| Untracked 
|  43|0x0000000705600000, 0x0000000705600000, 0x0000000705800000|  0%| F|  |TAMS 0x0000000705600000, 0x0000000705600000| Untracked 
|  44|0x0000000705800000, 0x0000000705800000, 0x0000000705a00000|  0%| F|  |TAMS 0x0000000705800000, 0x0000000705800000| Untracked 
|  45|0x0000000705a00000, 0x0000000705a00000, 0x0000000705c00000|  0%| F|  |TAMS 0x0000000705a00000, 0x0000000705a00000| Untracked 
|  46|0x0000000705c00000, 0x0000000705c00000, 0x0000000705e00000|  0%| F|  |TAMS 0x0000000705c00000, 0x0000000705c00000| Untracked 
|  47|0x0000000705e00000, 0x0000000705e00000, 0x0000000706000000|  0%| F|  |TAMS 0x0000000705e00000, 0x0000000705e00000| Untracked 
|  48|0x0000000706000000, 0x0000000706000000, 0x0000000706200000|  0%| F|  |TAMS 0x0000000706000000, 0x0000000706000000| Untracked 
|  49|0x0000000706200000, 0x0000000706200000, 0x0000000706400000|  0%| F|  |TAMS 0x0000000706200000, 0x0000000706200000| Untracked 
|  50|0x0000000706400000, 0x0000000706400000, 0x0000000706600000|  0%| F|  |TAMS 0x0000000706400000, 0x0000000706400000| Untracked 
|  51|0x0000000706600000, 0x0000000706600000, 0x0000000706800000|  0%| F|  |TAMS 0x0000000706600000, 0x0000000706600000| Untracked 
|  52|0x0000000706800000, 0x0000000706800000, 0x0000000706a00000|  0%| F|  |TAMS 0x0000000706800000, 0x0000000706800000| Untracked 
|  53|0x0000000706a00000, 0x0000000706a00000, 0x0000000706c00000|  0%| F|  |TAMS 0x0000000706a00000, 0x0000000706a00000| Untracked 
|  54|0x0000000706c00000, 0x0000000706c00000, 0x0000000706e00000|  0%| F|  |TAMS 0x0000000706c00000, 0x0000000706c00000| Untracked 
|  55|0x0000000706e00000, 0x0000000706e00000, 0x0000000707000000|  0%| F|  |TAMS 0x0000000706e00000, 0x0000000706e00000| Untracked 
|  56|0x0000000707000000, 0x0000000707000000, 0x0000000707200000|  0%| F|  |TAMS 0x0000000707000000, 0x0000000707000000| Untracked 
|  57|0x0000000707200000, 0x0000000707200000, 0x0000000707400000|  0%| F|  |TAMS 0x0000000707200000, 0x0000000707200000| Untracked 
|  58|0x0000000707400000, 0x0000000707400000, 0x0000000707600000|  0%| F|  |TAMS 0x0000000707400000, 0x0000000707400000| Untracked 
|  59|0x0000000707600000, 0x0000000707600000, 0x0000000707800000|  0%| F|  |TAMS 0x0000000707600000, 0x0000000707600000| Untracked 
|  60|0x0000000707800000, 0x0000000707800000, 0x0000000707a00000|  0%| F|  |TAMS 0x0000000707800000, 0x0000000707800000| Untracked 
|  61|0x0000000707a00000, 0x0000000707a00000, 0x0000000707c00000|  0%| F|  |TAMS 0x0000000707a00000, 0x0000000707a00000| Untracked 
|  62|0x0000000707c00000, 0x0000000707c00000, 0x0000000707e00000|  0%| F|  |TAMS 0x0000000707c00000, 0x0000000707c00000| Untracked 
|  63|0x0000000707e00000, 0x0000000707e00000, 0x0000000708000000|  0%| F|  |TAMS 0x0000000707e00000, 0x0000000707e00000| Untracked 
|  64|0x0000000708000000, 0x0000000708000000, 0x0000000708200000|  0%| F|  |TAMS 0x0000000708000000, 0x0000000708000000| Untracked 
|  65|0x0000000708200000, 0x0000000708200000, 0x0000000708400000|  0%| F|  |TAMS 0x0000000708200000, 0x0000000708200000| Untracked 
|  66|0x0000000708400000, 0x0000000708400000, 0x0000000708600000|  0%| F|  |TAMS 0x0000000708400000, 0x0000000708400000| Untracked 
|  67|0x0000000708600000, 0x0000000708600000, 0x0000000708800000|  0%| F|  |TAMS 0x0000000708600000, 0x0000000708600000| Untracked 
|  68|0x0000000708800000, 0x0000000708800000, 0x0000000708a00000|  0%| F|  |TAMS 0x0000000708800000, 0x0000000708800000| Untracked 
|  69|0x0000000708a00000, 0x0000000708a00000, 0x0000000708c00000|  0%| F|  |TAMS 0x0000000708a00000, 0x0000000708a00000| Untracked 
|  70|0x0000000708c00000, 0x0000000708c00000, 0x0000000708e00000|  0%| F|  |TAMS 0x0000000708c00000, 0x0000000708c00000| Untracked 
|  71|0x0000000708e00000, 0x0000000708e00000, 0x0000000709000000|  0%| F|  |TAMS 0x0000000708e00000, 0x0000000708e00000| Untracked 
|  72|0x0000000709000000, 0x0000000709000000, 0x0000000709200000|  0%| F|  |TAMS 0x0000000709000000, 0x0000000709000000| Untracked 
|  73|0x0000000709200000, 0x0000000709200000, 0x0000000709400000|  0%| F|  |TAMS 0x0000000709200000, 0x0000000709200000| Untracked 
|  74|0x0000000709400000, 0x0000000709400000, 0x0000000709600000|  0%| F|  |TAMS 0x0000000709400000, 0x0000000709400000| Untracked 
|  75|0x0000000709600000, 0x0000000709600000, 0x0000000709800000|  0%| F|  |TAMS 0x0000000709600000, 0x0000000709600000| Untracked 
|  76|0x0000000709800000, 0x0000000709800000, 0x0000000709a00000|  0%| F|  |TAMS 0x0000000709800000, 0x0000000709800000| Untracked 
|  77|0x0000000709a00000, 0x0000000709a00000, 0x0000000709c00000|  0%| F|  |TAMS 0x0000000709a00000, 0x0000000709a00000| Untracked 
|  78|0x0000000709c00000, 0x0000000709c00000, 0x0000000709e00000|  0%| F|  |TAMS 0x0000000709c00000, 0x0000000709c00000| Untracked 
|  79|0x0000000709e00000, 0x0000000709e00000, 0x000000070a000000|  0%| F|  |TAMS 0x0000000709e00000, 0x0000000709e00000| Untracked 
|  80|0x000000070a000000, 0x000000070a000000, 0x000000070a200000|  0%| F|  |TAMS 0x000000070a000000, 0x000000070a000000| Untracked 
|  81|0x000000070a200000, 0x000000070a200000, 0x000000070a400000|  0%| F|  |TAMS 0x000000070a200000, 0x000000070a200000| Untracked 
|  82|0x000000070a400000, 0x000000070a400000, 0x000000070a600000|  0%| F|  |TAMS 0x000000070a400000, 0x000000070a400000| Untracked 
|  83|0x000000070a600000, 0x000000070a600000, 0x000000070a800000|  0%| F|  |TAMS 0x000000070a600000, 0x000000070a600000| Untracked 
|  84|0x000000070a800000, 0x000000070a800000, 0x000000070aa00000|  0%| F|  |TAMS 0x000000070a800000, 0x000000070a800000| Untracked 
|  85|0x000000070aa00000, 0x000000070aa00000, 0x000000070ac00000|  0%| F|  |TAMS 0x000000070aa00000, 0x000000070aa00000| Untracked 
|  86|0x000000070ac00000, 0x000000070ac00000, 0x000000070ae00000|  0%| F|  |TAMS 0x000000070ac00000, 0x000000070ac00000| Untracked 
|  87|0x000000070ae00000, 0x000000070ae00000, 0x000000070b000000|  0%| F|  |TAMS 0x000000070ae00000, 0x000000070ae00000| Untracked 
|  88|0x000000070b000000, 0x000000070b000000, 0x000000070b200000|  0%| F|  |TAMS 0x000000070b000000, 0x000000070b000000| Untracked 
|  89|0x000000070b200000, 0x000000070b200000, 0x000000070b400000|  0%| F|  |TAMS 0x000000070b200000, 0x000000070b200000| Untracked 
|  90|0x000000070b400000, 0x000000070b400000, 0x000000070b600000|  0%| F|  |TAMS 0x000000070b400000, 0x000000070b400000| Untracked 
|  91|0x000000070b600000, 0x000000070b600000, 0x000000070b800000|  0%| F|  |TAMS 0x000000070b600000, 0x000000070b600000| Untracked 
|  92|0x000000070b800000, 0x000000070b800000, 0x000000070ba00000|  0%| F|  |TAMS 0x000000070b800000, 0x000000070b800000| Untracked 
|  93|0x000000070ba00000, 0x000000070ba00000, 0x000000070bc00000|  0%| F|  |TAMS 0x000000070ba00000, 0x000000070ba00000| Untracked 
|  94|0x000000070bc00000, 0x000000070bc00000, 0x000000070be00000|  0%| F|  |TAMS 0x000000070bc00000, 0x000000070bc00000| Untracked 
|  95|0x000000070be00000, 0x000000070be00000, 0x000000070c000000|  0%| F|  |TAMS 0x000000070be00000, 0x000000070be00000| Untracked 
|  96|0x000000070c000000, 0x000000070c000000, 0x000000070c200000|  0%| F|  |TAMS 0x000000070c000000, 0x000000070c000000| Untracked 
|  97|0x000000070c200000, 0x000000070c200000, 0x000000070c400000|  0%| F|  |TAMS 0x000000070c200000, 0x000000070c200000| Untracked 
|  98|0x000000070c400000, 0x000000070c400000, 0x000000070c600000|  0%| F|  |TAMS 0x000000070c400000, 0x000000070c400000| Untracked 
|  99|0x000000070c600000, 0x000000070c600000, 0x000000070c800000|  0%| F|  |TAMS 0x000000070c600000, 0x000000070c600000| Untracked 
| 100|0x000000070c800000, 0x000000070c800000, 0x000000070ca00000|  0%| F|  |TAMS 0x000000070c800000, 0x000000070c800000| Untracked 
| 101|0x000000070ca00000, 0x000000070ca00000, 0x000000070cc00000|  0%| F|  |TAMS 0x000000070ca00000, 0x000000070ca00000| Untracked 
| 102|0x000000070cc00000, 0x000000070cc00000, 0x000000070ce00000|  0%| F|  |TAMS 0x000000070cc00000, 0x000000070cc00000| Untracked 
| 103|0x000000070ce00000, 0x000000070ce00000, 0x000000070d000000|  0%| F|  |TAMS 0x000000070ce00000, 0x000000070ce00000| Untracked 
| 104|0x000000070d000000, 0x000000070d000000, 0x000000070d200000|  0%| F|  |TAMS 0x000000070d000000, 0x000000070d000000| Untracked 
| 105|0x000000070d200000, 0x000000070d200000, 0x000000070d400000|  0%| F|  |TAMS 0x000000070d200000, 0x000000070d200000| Untracked 
| 106|0x000000070d400000, 0x000000070d400000, 0x000000070d600000|  0%| F|  |TAMS 0x000000070d400000, 0x000000070d400000| Untracked 
| 107|0x000000070d600000, 0x000000070d600000, 0x000000070d800000|  0%| F|  |TAMS 0x000000070d600000, 0x000000070d600000| Untracked 
| 108|0x000000070d800000, 0x000000070d800000, 0x000000070da00000|  0%| F|  |TAMS 0x000000070d800000, 0x000000070d800000| Untracked 
| 109|0x000000070da00000, 0x000000070da00000, 0x000000070dc00000|  0%| F|  |TAMS 0x000000070da00000, 0x000000070da00000| Untracked 
| 110|0x000000070dc00000, 0x000000070dc00000, 0x000000070de00000|  0%| F|  |TAMS 0x000000070dc00000, 0x000000070dc00000| Untracked 
| 111|0x000000070de00000, 0x000000070de00000, 0x000000070e000000|  0%| F|  |TAMS 0x000000070de00000, 0x000000070de00000| Untracked 
| 112|0x000000070e000000, 0x000000070e000000, 0x000000070e200000|  0%| F|  |TAMS 0x000000070e000000, 0x000000070e000000| Untracked 
| 113|0x000000070e200000, 0x000000070e200000, 0x000000070e400000|  0%| F|  |TAMS 0x000000070e200000, 0x000000070e200000| Untracked 
| 114|0x000000070e400000, 0x000000070e400000, 0x000000070e600000|  0%| F|  |TAMS 0x000000070e400000, 0x000000070e400000| Untracked 
| 115|0x000000070e600000, 0x000000070e600000, 0x000000070e800000|  0%| F|  |TAMS 0x000000070e600000, 0x000000070e600000| Untracked 
| 116|0x000000070e800000, 0x000000070e800000, 0x000000070ea00000|  0%| F|  |TAMS 0x000000070e800000, 0x000000070e800000| Untracked 
| 117|0x000000070ea00000, 0x000000070ea00000, 0x000000070ec00000|  0%| F|  |TAMS 0x000000070ea00000, 0x000000070ea00000| Untracked 
| 118|0x000000070ec00000, 0x000000070ec00000, 0x000000070ee00000|  0%| F|  |TAMS 0x000000070ec00000, 0x000000070ec00000| Untracked 
| 119|0x000000070ee00000, 0x000000070efd5050, 0x000000070f000000| 91%| E|  |TAMS 0x000000070ee00000, 0x000000070ee00000| Complete 
| 120|0x000000070f000000, 0x000000070f200000, 0x000000070f200000|100%| E|CS|TAMS 0x000000070f000000, 0x000000070f000000| Complete 
| 121|0x000000070f200000, 0x000000070f400000, 0x000000070f400000|100%| E|CS|TAMS 0x000000070f200000, 0x000000070f200000| Complete 
| 122|0x000000070f400000, 0x000000070f600000, 0x000000070f600000|100%| E|CS|TAMS 0x000000070f400000, 0x000000070f400000| Complete 
| 123|0x000000070f600000, 0x000000070f800000, 0x000000070f800000|100%| E|CS|TAMS 0x000000070f600000, 0x000000070f600000| Complete 
| 124|0x000000070f800000, 0x000000070fa00000, 0x000000070fa00000|100%| E|CS|TAMS 0x000000070f800000, 0x000000070f800000| Complete 
| 125|0x000000070fa00000, 0x000000070fc00000, 0x000000070fc00000|100%| E|CS|TAMS 0x000000070fa00000, 0x000000070fa00000| Complete 
| 126|0x000000070fc00000, 0x000000070fe00000, 0x000000070fe00000|100%| E|CS|TAMS 0x000000070fc00000, 0x000000070fc00000| Complete 
| 127|0x000000070fe00000, 0x0000000710000000, 0x0000000710000000|100%| E|CS|TAMS 0x000000070fe00000, 0x000000070fe00000| Complete 

Card table byte_map: [0x0000000122805000,0x0000000123005000] _byte_map_base: 0x000000011f005000

Marking Bits (Prev, Next): (CMBitMap*) 0x00007fec82809410, (CMBitMap*) 0x00007fec82809450
 Prev Bits: [0x0000000123805000, 0x0000000127805000)
 Next Bits: [0x0000000127805000, 0x000000012b805000)

Polling page: 0x000000010dda1000

Metaspace:

Usage:
  Non-class:     12.92 MB used.
      Class:      1.18 MB used.
       Both:     14.10 MB used.

Virtual space:
  Non-class space:       16.00 MB reserved,      13.06 MB ( 82%) committed,  2 nodes.
      Class space:        1.00 GB reserved,       1.25 MB ( <1%) committed,  1 nodes.
             Both:        1.02 GB reserved,      14.31 MB (  1%) committed. 

Chunk freelists:
   Non-Class:  2.30 MB
       Class:  2.58 MB
        Both:  4.87 MB

MaxMetaspaceSize: unlimited
CompressedClassSpaceSize: 1.00 GB
Initial GC threshold: 21.00 MB
Current GC threshold: 21.00 MB
CDS: off
MetaspaceReclaimPolicy: balanced
 - commit_granule_bytes: 65536.
 - commit_granule_words: 8192.
 - virtual_space_node_default_size: 1048576.
 - enlarge_chunks_in_place: 1.
 - new_chunks_are_fully_committed: 0.
 - uncommit_free_chunks: 1.
 - use_allocation_guard: 0.
 - handle_deallocations: 1.


Internal statistics:

num_allocs_failed_limit: 0.
num_arena_births: 110.
num_arena_deaths: 0.
num_vsnodes_births: 3.
num_vsnodes_deaths: 0.
num_space_committed: 227.
num_space_uncommitted: 0.
num_chunks_returned_to_freelist: 0.
num_chunks_taken_from_freelist: 303.
num_chunk_merges: 0.
num_chunk_splits: 194.
num_chunks_enlarged: 130.
num_purges: 0.
num_inconsistent_stats: 0.

CodeHeap 'non-profiled nmethods': size=120028Kb used=257Kb max_used=257Kb free=119770Kb
 bounds [0x000000011b2ce000, 0x000000011b53e000, 0x0000000122805000]
CodeHeap 'profiled nmethods': size=120028Kb used=1470Kb max_used=1470Kb free=118557Kb
 bounds [0x0000000113d97000, 0x0000000114007000, 0x000000011b2ce000]
CodeHeap 'non-nmethods': size=5704Kb used=1621Kb max_used=1635Kb free=4082Kb
 bounds [0x0000000113805000, 0x0000000113a75000, 0x0000000113d97000]
 total_blobs=1922 nmethods=861 adapters=975
 compilation: enabled
              stopped_count=0, restarted_count=0
 full_count=0

Compilation events (20 events):
Event: 0.681 Thread 0x00007fec839c7400  852       4       java.lang.StringUTF16::getChar (60 bytes)
Event: 0.681 Thread 0x00007fec839c7400 nmethod 852 0x000000011b30d990 code [0x000000011b30db20, 0x000000011b30dbd8]
Event: 0.688 Thread 0x00007fec8205ae00  854       4       java.nio.Buffer::scope (17 bytes)
Event: 0.688 Thread 0x00007fec8480a400  853       3       jdk.internal.jimage.ImageLocation::verify (218 bytes)
Event: 0.689 Thread 0x00007fec8205ae00 nmethod 854 0x000000011b30dc90 code [0x000000011b30de20, 0x000000011b30deb8]
Event: 0.689 Thread 0x00007fec8480a400 nmethod 853 0x0000000113eff110 code [0x0000000113eff3c0, 0x0000000113f00130]
Event: 0.691 Thread 0x00007fec839c7400  855   !   4       jdk.internal.misc.ScopedMemoryAccess::getByte (20 bytes)
Event: 0.691 Thread 0x00007fec8480a400  856       3       jdk.internal.module.SystemModuleFinders$SystemModuleReader::find (59 bytes)
Event: 0.692 Thread 0x00007fec839c7400 nmethod 855 0x000000011b30df90 code [0x000000011b30e120, 0x000000011b30e1d8]
Event: 0.692 Thread 0x00007fec8480a400 nmethod 856 0x0000000113f00690 code [0x0000000113f00940, 0x0000000113f01460]
Event: 0.692 Thread 0x00007fec8480a400  857       3       jdk.internal.module.SystemModuleFinders$SystemModuleReader::containsImageLocation (42 bytes)
Event: 0.692 Thread 0x00007fec8480a400 nmethod 857 0x0000000113f01890 code [0x0000000113f01aa0, 0x0000000113f02150]
Event: 0.692 Thread 0x00007fec8480a400  858       3       jdk.internal.jimage.ImageReader::verifyLocation (14 bytes)
Event: 0.692 Thread 0x00007fec8480a400 nmethod 858 0x0000000113f02410 code [0x0000000113f025e0, 0x0000000113f02930]
Event: 0.692 Thread 0x00007fec8480a400  859       3       jdk.internal.jimage.BasicImageReader::verifyLocation (39 bytes)
Event: 0.693 Thread 0x00007fec8480a400 nmethod 859 0x0000000113f02a90 code [0x0000000113f02c60, 0x0000000113f02f40]
Event: 0.693 Thread 0x00007fec8480a400  860       3       java.util.zip.ZipFile::getZipEntry (322 bytes)
Event: 0.694 Thread 0x00007fec8480a400 nmethod 860 0x0000000113f03090 code [0x0000000113f03500, 0x0000000113f05bb0]
Event: 0.699 Thread 0x00007fec8205ae00  861       4       java.lang.StringBuilder::<init> (7 bytes)
Event: 0.701 Thread 0x00007fec8205ae00 nmethod 861 0x000000011b30e310 code [0x000000011b30e4a0, 0x000000011b30e678]

GC Heap History (0 events):
No events

Dll operation events (13 events):
Event: 0.011 Loaded shared library /Applications/IntelliJ IDEA CE.app/Contents/jbr/Contents/Home/lib/libjava.dylib
Event: 0.145 Loaded shared library /Applications/IntelliJ IDEA CE.app/Contents/jbr/Contents/Home/lib/libzip.dylib
Event: 0.146 Loaded shared library /Applications/IntelliJ IDEA CE.app/Contents/jbr/Contents/Home/lib/libinstrument.dylib
Event: 0.154 Loaded shared library /Applications/IntelliJ IDEA CE.app/Contents/jbr/Contents/Home/lib/libnio.dylib
Event: 0.164 Loaded shared library /Applications/IntelliJ IDEA CE.app/Contents/jbr/Contents/Home/lib/libzip.dylib
Event: 0.188 Loaded shared library /Applications/IntelliJ IDEA CE.app/Contents/jbr/Contents/Home/lib/libnet.dylib
Event: 0.198 Loaded shared library /Applications/IntelliJ IDEA CE.app/Contents/jbr/Contents/Home/lib/libextnet.dylib
Event: 0.229 Loaded shared library /Applications/IntelliJ IDEA CE.app/Contents/jbr/Contents/Home/lib/libjimage.dylib
Event: 0.233 Loaded shared library /Applications/IntelliJ IDEA CE.app/Contents/jbr/Contents/Home/lib/libawt.dylib
Event: 0.236 Loaded shared library /Applications/IntelliJ IDEA CE.app/Contents/jbr/Contents/Home/lib/libawt_lwawt.dylib
Event: 0.331 Loaded shared library /private/var/folders/lw/pjcgxffn34ncl2k0ps3blnv00000gn/T/lwjglnickfanelli/3.3.1-build-7/liblwjgl.dylib
Event: 0.558 Loaded shared library /private/var/folders/lw/pjcgxffn34ncl2k0ps3blnv00000gn/T/lwjglnickfanelli/3.3.1-build-7/liblwjgl_opengl.dylib
Event: 0.650 Loaded shared library /Applications/IntelliJ IDEA CE.app/Contents/jbr/Contents/Home/lib/libverify.dylib

Deoptimization events (20 events):
Event: 0.311 Thread 0x00007fec82008e00 Uncommon trap: trap_request=0xffffff45 fr.pc=0x000000011b2e3018 relative=0x0000000000000278
Event: 0.311 Thread 0x00007fec82008e00 Uncommon trap: reason=unstable_if action=reinterpret pc=0x000000011b2e3018 method=java.lang.String.startsWith(Ljava/lang/String;I)Z @ 14 c2
Event: 0.311 Thread 0x00007fec82008e00 DEOPT PACKING pc=0x000000011b2e3018 sp=0x00007ff7b21a67f0
Event: 0.311 Thread 0x00007fec82008e00 DEOPT UNPACKING pc=0x0000000113857099 sp=0x00007ff7b21a6770 mode 2
Event: 0.313 Thread 0x00007fec82008e00 DEOPT PACKING pc=0x0000000113e7a96e sp=0x00007ff7b21a5b80
Event: 0.313 Thread 0x00007fec82008e00 DEOPT UNPACKING pc=0x000000011385782f sp=0x00007ff7b21a4ff0 mode 0
Event: 0.335 Thread 0x00007fec82008e00 DEOPT PACKING pc=0x0000000113e7a96e sp=0x00007ff7b21a69c0
Event: 0.335 Thread 0x00007fec82008e00 DEOPT UNPACKING pc=0x000000011385782f sp=0x00007ff7b21a5e30 mode 0
Event: 0.343 Thread 0x00007fec82008e00 DEOPT PACKING pc=0x0000000113e7a96e sp=0x00007ff7b21a7500
Event: 0.343 Thread 0x00007fec82008e00 DEOPT UNPACKING pc=0x000000011385782f sp=0x00007ff7b21a6970 mode 0
Event: 0.345 Thread 0x00007fec82008e00 DEOPT PACKING pc=0x0000000113e7a96e sp=0x00007ff7b21a6d80
Event: 0.345 Thread 0x00007fec82008e00 DEOPT UNPACKING pc=0x000000011385782f sp=0x00007ff7b21a61f0 mode 0
Event: 0.347 Thread 0x00007fec82008e00 DEOPT PACKING pc=0x0000000113e7a96e sp=0x00007ff7b21a73f0
Event: 0.347 Thread 0x00007fec82008e00 DEOPT UNPACKING pc=0x000000011385782f sp=0x00007ff7b21a6860 mode 0
Event: 0.348 Thread 0x00007fec82008e00 DEOPT PACKING pc=0x0000000113e7a9cc sp=0x00007ff7b21a7360
Event: 0.348 Thread 0x00007fec82008e00 DEOPT UNPACKING pc=0x000000011385782f sp=0x00007ff7b21a67d0 mode 0
Event: 0.680 Thread 0x00007fec82008e00 Uncommon trap: trap_request=0xffffff45 fr.pc=0x000000011b2d487c relative=0x000000000000005c
Event: 0.680 Thread 0x00007fec82008e00 Uncommon trap: reason=unstable_if action=reinterpret pc=0x000000011b2d487c method=java.lang.String.isLatin1()Z @ 10 c2
Event: 0.680 Thread 0x00007fec82008e00 DEOPT PACKING pc=0x000000011b2d487c sp=0x00007ff7b21a7b60
Event: 0.680 Thread 0x00007fec82008e00 DEOPT UNPACKING pc=0x0000000113857099 sp=0x00007ff7b21a7b10 mode 2

Classes unloaded (0 events):
No events

Classes redefined (0 events):
No events

Internal exceptions (20 events):
Event: 0.192 Thread 0x00007fec84817c00 Exception <a 'java/lang/NoSuchMethodError'{0x000000070fd5cd80}: 'java.lang.Object java.lang.invoke.DirectMethodHandle$Holder.invokeStaticInit(java.lang.Object)'> (0x000000070fd5cd80) 
thrown [src/hotspot/share/interpreter/linkResolver.cpp, line 771]
Event: 0.205 Thread 0x00007fec84817c00 Exception <a 'java/lang/NoSuchMethodError'{0x000000070fd6b500}: 'void java.lang.invoke.DirectMethodHandle$Holder.invokeStatic(java.lang.Object, java.lang.Object)'> (0x000000070fd6b500) 
thrown [src/hotspot/share/interpreter/linkResolver.cpp, line 771]
Event: 0.222 Thread 0x00007fec82008e00 Exception <a 'java/lang/ClassNotFoundException'{0x000000070fb54600}: sun/awt/resources/spi/awtProvider> (0x000000070fb54600) 
thrown [src/hotspot/share/classfile/systemDictionary.cpp, line 256]
Event: 0.246 Thread 0x00007fec82008e00 Exception <a 'java/io/FileNotFoundException'{0x000000070fbabe60}> (0x000000070fbabe60) 
thrown [src/hotspot/share/prims/jni.cpp, line 517]
Event: 0.252 Thread 0x00007fec82008e00 Exception <a 'java/io/FileNotFoundException'{0x000000070fbd9108}> (0x000000070fbd9108) 
thrown [src/hotspot/share/prims/jni.cpp, line 517]
Event: 0.282 Thread 0x00007fec82008e00 Exception <a 'java/lang/NoSuchMethodError'{0x000000070f88a330}: 'java.lang.Object java.lang.invoke.DirectMethodHandle$Holder.invokeStatic(java.lang.Object, int, java.lang.Object)'> (0x000000070f88a330) 
thrown [src/hotspot/share/interpreter/linkResolver.cpp, line 771]
Event: 0.301 Thread 0x00007fec82008e00 Exception <a 'java/lang/NoSuchMethodError'{0x000000070f976910}: 'void java.lang.invoke.DirectMethodHandle$Holder.invokeSpecial(java.lang.Object, java.lang.Object, java.lang.Object)'> (0x000000070f976910) 
thrown [src/hotspot/share/interpreter/linkResolver.cpp, line 771]
Event: 0.303 Thread 0x00007fec82008e00 Exception <a 'java/lang/NoSuchMethodError'{0x000000070f9885b0}: 'java.lang.Object java.lang.invoke.DirectMethodHandle$Holder.invokeStatic(java.lang.Object, java.lang.Object, int)'> (0x000000070f9885b0) 
thrown [src/hotspot/share/interpreter/linkResolver.cpp, line 771]
Event: 0.304 Thread 0x00007fec82008e00 Exception <a 'java/lang/NoSuchMethodError'{0x000000070f9942a0}: 'void java.lang.invoke.DelegatingMethodHandle$Holder.delegate(java.lang.Object, java.lang.Object, int, java.lang.Object)'> (0x000000070f9942a0) 
thrown [src/hotspot/share/interpreter/linkResolver.cpp, line 771]
Event: 0.304 Thread 0x00007fec82008e00 Exception <a 'java/lang/NoSuchMethodError'{0x000000070f9982d8}: 'int java.lang.invoke.DirectMethodHandle$Holder.invokeSpecial(java.lang.Object, java.lang.Object, java.lang.Object)'> (0x000000070f9982d8) 
thrown [src/hotspot/share/interpreter/linkResolver.cpp, line 771]
Event: 0.330 Thread 0x00007fec82008e00 Exception <a 'sun/nio/fs/UnixException'{0x000000070f618d00}> (0x000000070f618d00) 
thrown [src/hotspot/share/prims/jni.cpp, line 517]
Event: 0.338 Thread 0x00007fec82008e00 Exception <a 'java/lang/NoSuchMethodError'{0x000000070f64edb0}: 'int java.lang.invoke.DirectMethodHandle$Holder.invokeStaticInit(java.lang.Object, java.lang.Object, int, long)'> (0x000000070f64edb0) 
thrown [src/hotspot/share/interpreter/linkResolver.cpp, line 771]
Event: 0.338 Thread 0x00007fec82008e00 Exception <a 'java/lang/NoSuchMethodError'{0x000000070f654678}: 'java.lang.Object java.lang.invoke.DirectMethodHandle$Holder.newInvokeSpecial(java.lang.Object, java.lang.Object, int)'> (0x000000070f654678) 
thrown [src/hotspot/share/interpreter/linkResolver.cpp, line 771]
Event: 0.340 Thread 0x00007fec82008e00 Exception <a 'java/lang/NoSuchMethodError'{0x000000070f665368}: 'int java.lang.invoke.DirectMethodHandle$Holder.invokeStaticInit(java.lang.Object, java.lang.Object, long, long)'> (0x000000070f665368) 
thrown [src/hotspot/share/interpreter/linkResolver.cpp, line 771]
Event: 0.340 Thread 0x00007fec82008e00 Exception <a 'java/lang/NoSuchMethodError'{0x000000070f66b0f0}: 'java.lang.Object java.lang.invoke.DirectMethodHandle$Holder.newInvokeSpecial(java.lang.Object, java.lang.Object, long)'> (0x000000070f66b0f0) 
thrown [src/hotspot/share/interpreter/linkResolver.cpp, line 771]
Event: 0.341 Thread 0x00007fec82008e00 Exception <a 'java/lang/NoSuchMethodError'{0x000000070f66ec60}: 'java.lang.Object java.lang.invoke.Invokers$Holder.linkToTargetMethod(java.lang.Object, long, java.lang.Object)'> (0x000000070f66ec60) 
thrown [src/hotspot/share/interpreter/linkResolver.cpp, line 771]
Event: 0.341 Thread 0x00007fec82008e00 Exception <a 'java/lang/NoSuchMethodError'{0x000000070f6764a8}: 'int java.lang.invoke.DirectMethodHandle$Holder.invokeStaticInit(java.lang.Object, java.lang.Object, java.lang.Object, long)'> (0x000000070f6764a8) 
thrown [src/hotspot/share/interpreter/linkResolver.cpp, line 771]
Event: 0.354 Thread 0x00007fec82008e00 Exception <a 'sun/nio/fs/UnixException'{0x000000070f7411b8}> (0x000000070f7411b8) 
thrown [src/hotspot/share/prims/jni.cpp, line 517]
Event: 0.367 Thread 0x00007fec82008e00 Exception <a 'sun/nio/fs/UnixException'{0x000000070f7be568}> (0x000000070f7be568) 
thrown [src/hotspot/share/prims/jni.cpp, line 517]
Event: 0.558 Thread 0x00007fec82008e00 Exception <a 'sun/nio/fs/UnixException'{0x000000070f42f7e0}> (0x000000070f42f7e0) 
thrown [src/hotspot/share/prims/jni.cpp, line 517]

VM Operations (8 events):
Event: 0.136 Executing VM operation: HandshakeAllThreads
Event: 0.136 Executing VM operation: HandshakeAllThreads done
Event: 0.189 Executing VM operation: HandshakeAllThreads
Event: 0.189 Executing VM operation: HandshakeAllThreads done
Event: 0.210 Executing VM operation: HandshakeAllThreads
Event: 0.210 Executing VM operation: HandshakeAllThreads done
Event: 0.324 Executing VM operation: HandshakeAllThreads
Event: 0.324 Executing VM operation: HandshakeAllThreads done

Events (20 events):
Event: 0.680 loading class java/util/stream/Sink$ChainedInt done
Event: 0.680 loading class java/util/stream/IntPipeline$10$1 done
Event: 0.680 loading class java/lang/StringUTF16$CharsSpliterator
Event: 0.680 loading class java/lang/StringUTF16$CharsSpliterator done
Event: 0.680 loading class java/lang/CharacterData00
Event: 0.680 loading class java/lang/CharacterData00 done
Event: 0.688 loading class jdk/internal/misc/ScopedMemoryAccess$Scope
Event: 0.688 loading class jdk/internal/misc/ScopedMemoryAccess$Scope done
Event: 0.689 loading class sun/nio/cs/StandardCharsets$Aliases
Event: 0.689 loading class sun/util/PreHashedMap
Event: 0.689 loading class sun/util/PreHashedMap done
Event: 0.689 loading class sun/nio/cs/StandardCharsets$Aliases done
Event: 0.689 loading class sun/nio/cs/StandardCharsets$Cache
Event: 0.689 loading class sun/nio/cs/StandardCharsets$Cache done
Event: 0.690 loading class sun/net/ProgressMonitor
Event: 0.690 loading class sun/net/ProgressMonitor done
Event: 0.690 loading class sun/net/DefaultProgressMeteringPolicy
Event: 0.690 loading class sun/net/ProgressMeteringPolicy
Event: 0.690 loading class sun/net/ProgressMeteringPolicy done
Event: 0.690 loading class sun/net/DefaultProgressMeteringPolicy done


Dynamic libraries:
0x000000010ddf9000 	/Applications/IntelliJ IDEA CE.app/Contents/jbr/Contents/Home/lib/libjli.dylib
0x00007ff81f6f6000 	/usr/lib/libz.1.dylib
0x00007ff81f7da000 	/usr/lib/libSystem.B.dylib
0x00007ff81f7d5000 	/usr/lib/system/libcache.dylib
0x00007ff81f790000 	/usr/lib/system/libcommonCrypto.dylib
0x00007ff81f7b9000 	/usr/lib/system/libcompiler_rt.dylib
0x00007ff81f7af000 	/usr/lib/system/libcopyfile.dylib
0x00007ff8138f4000 	/usr/lib/system/libcorecrypto.dylib
0x00007ff8139b8000 	/usr/lib/system/libdispatch.dylib
0x00007ff813b40000 	/usr/lib/system/libdyld.dylib
0x00007ff81f7cb000 	/usr/lib/system/libkeymgr.dylib
0x00007ff81f76f000 	/usr/lib/system/libmacho.dylib
0x00007ff81ed59000 	/usr/lib/system/libquarantine.dylib
0x00007ff81f7c9000 	/usr/lib/system/libremovefile.dylib
0x00007ff8187fd000 	/usr/lib/system/libsystem_asl.dylib
0x00007ff813896000 	/usr/lib/system/libsystem_blocks.dylib
0x00007ff813a02000 	/usr/lib/system/libsystem_c.dylib
0x00007ff81f7c1000 	/usr/lib/system/libsystem_collections.dylib
0x00007ff81dfe8000 	/usr/lib/system/libsystem_configuration.dylib
0x00007ff81d05d000 	/usr/lib/system/libsystem_containermanager.dylib
0x00007ff81f437000 	/usr/lib/system/libsystem_coreservices.dylib
0x00007ff81687e000 	/usr/lib/system/libsystem_darwin.dylib
0x00007ff81f7cc000 	/usr/lib/system/libsystem_dnssd.dylib
0x00007ff8139ff000 	/usr/lib/system/libsystem_featureflags.dylib
0x00007ff813b6b000 	/usr/lib/system/libsystem_info.dylib
0x00007ff81f709000 	/usr/lib/system/libsystem_m.dylib
0x00007ff81398b000 	/usr/lib/system/libsystem_malloc.dylib
0x00007ff81878c000 	/usr/lib/system/libsystem_networkextension.dylib
0x00007ff816cc3000 	/usr/lib/system/libsystem_notify.dylib
0x00007ff81dfec000 	/usr/lib/system/libsystem_sandbox.dylib
0x00007ff81f7c6000 	/usr/lib/system/libsystem_secinit.dylib
0x00007ff813afa000 	/usr/lib/system/libsystem_kernel.dylib
0x00007ff813b61000 	/usr/lib/system/libsystem_platform.dylib
0x00007ff813b34000 	/usr/lib/system/libsystem_pthread.dylib
0x00007ff81a155000 	/usr/lib/system/libsystem_symptoms.dylib
0x00007ff8138da000 	/usr/lib/system/libsystem_trace.dylib
0x00007ff81f79c000 	/usr/lib/system/libunwind.dylib
0x00007ff81389a000 	/usr/lib/system/libxpc.dylib
0x00007ff813ae4000 	/usr/lib/libc++abi.dylib
0x00007ff8137c5000 	/usr/lib/libobjc.A.dylib
0x00007ff81f7a7000 	/usr/lib/liboah.dylib
0x00007ff813a8b000 	/usr/lib/libc++.1.dylib
0x00007ff82bb5e000 	/System/Library/Frameworks/Cocoa.framework/Versions/A/Cocoa
0x00007ff816d22000 	/System/Library/Frameworks/AppKit.framework/Versions/C/AppKit
0x00007ff8198db000 	/System/Library/Frameworks/CoreData.framework/Versions/A/CoreData
0x00007ff814a0f000 	/System/Library/Frameworks/Foundation.framework/Versions/C/Foundation
0x00007ff817d2a000 	/System/Library/PrivateFrameworks/UIFoundation.framework/Versions/A/UIFoundation
0x00007ffb15436000 	/System/Library/PrivateFrameworks/CollectionViewCore.framework/Versions/A/CollectionViewCore
0x00007ff825b5d000 	/System/Library/PrivateFrameworks/RemoteViewServices.framework/Versions/A/RemoteViewServices
0x00007ff81d835000 	/System/Library/PrivateFrameworks/XCTTargetBootstrap.framework/Versions/A/XCTTargetBootstrap
0x00007ff821649000 	/System/Library/PrivateFrameworks/InternationalSupport.framework/Versions/A/InternationalSupport
0x00007ff8216d2000 	/System/Library/PrivateFrameworks/UserActivity.framework/Versions/A/UserActivity
0x00007ffb2b69c000 	/System/Library/PrivateFrameworks/WindowManagement.framework/Versions/A/WindowManagement
0x00007ff8146fb000 	/System/Library/Frameworks/SystemConfiguration.framework/Versions/A/SystemConfiguration
0x00007ff820a42000 	/usr/lib/libspindump.dylib
0x00007ff817ef8000 	/System/Library/Frameworks/UniformTypeIdentifiers.framework/Versions/A/UniformTypeIdentifiers
0x00007ff81bd15000 	/usr/lib/libapp_launch_measurement.dylib
0x00007ff81ae9c000 	/System/Library/PrivateFrameworks/CoreAnalytics.framework/Versions/A/CoreAnalytics
0x00007ff81bd18000 	/System/Library/PrivateFrameworks/CoreAutoLayout.framework/Versions/A/CoreAutoLayout
0x00007ff81d0a9000 	/System/Library/Frameworks/Metal.framework/Versions/A/Metal
0x00007ff81dff7000 	/usr/lib/liblangid.dylib
0x00007ff81d83a000 	/System/Library/PrivateFrameworks/CoreSVG.framework/Versions/A/CoreSVG
0x00007ff81882f000 	/System/Library/PrivateFrameworks/SkyLight.framework/Versions/A/SkyLight
0x00007ff818c19000 	/System/Library/Frameworks/CoreGraphics.framework/Versions/A/CoreGraphics
0x00007ff82622f000 	/System/Library/Frameworks/Accelerate.framework/Versions/A/Accelerate
0x00007ff8204b7000 	/System/Library/PrivateFrameworks/IconServices.framework/Versions/A/IconServices
0x00007ff81d08c000 	/System/Library/Frameworks/IOSurface.framework/Versions/A/IOSurface
0x00007ff81aec6000 	/usr/lib/libDiagnosticMessagesClient.dylib
0x00007ff829777000 	/System/Library/Frameworks/ApplicationServices.framework/Versions/A/ApplicationServices
0x00007ff81d821000 	/System/Library/PrivateFrameworks/DFRFoundation.framework/Versions/A/DFRFoundation
0x00007ff8165ea000 	/usr/lib/libicucore.A.dylib
0x00007ff8224eb000 	/System/Library/Frameworks/AudioToolbox.framework/Versions/A/AudioToolbox
0x00007ff821654000 	/System/Library/PrivateFrameworks/DataDetectorsCore.framework/Versions/A/DataDetectorsCore
0x00007ff918cb7000 	/System/Library/PrivateFrameworks/TextInput.framework/Versions/A/TextInput
0x00007ff8187a4000 	/usr/lib/libMobileGestalt.dylib
0x00007ff81d529000 	/System/Library/Frameworks/Carbon.framework/Versions/A/Frameworks/HIToolbox.framework/Versions/A/HIToolbox
0x00007ff81b6b7000 	/System/Library/Frameworks/QuartzCore.framework/Versions/A/QuartzCore
0x00007ff816269000 	/System/Library/Frameworks/Security.framework/Versions/A/Security
0x00007ff825b95000 	/System/Library/Frameworks/Carbon.framework/Versions/A/Frameworks/SpeechRecognition.framework/Versions/A/SpeechRecognition
0x00007ff81ba55000 	/System/Library/PrivateFrameworks/CoreUI.framework/Versions/A/CoreUI
0x00007ff815b4b000 	/System/Library/Frameworks/CoreAudio.framework/Versions/A/CoreAudio
0x00007ff81afa0000 	/System/Library/Frameworks/DiskArbitration.framework/Versions/A/DiskArbitration
0x00007ff820e63000 	/System/Library/PrivateFrameworks/MultitouchSupport.framework/Versions/A/MultitouchSupport
0x00007ff8187a3000 	/usr/lib/libenergytrace.dylib
0x00007ff816c04000 	/System/Library/Frameworks/IOKit.framework/Versions/A/IOKit
0x00007ff825f8e000 	/System/Library/Frameworks/CoreServices.framework/Versions/A/CoreServices
0x00007ff81bcad000 	/System/Library/PrivateFrameworks/PerformanceAnalysis.framework/Versions/A/PerformanceAnalysis
0x00007ffa291e3000 	/System/Library/Frameworks/OpenGL.framework/Versions/A/OpenGL
0x00007ff81bd60000 	/usr/lib/libxml2.2.dylib
0x00007ff81ec6c000 	/System/Library/PrivateFrameworks/MobileKeyBag.framework/Versions/A/MobileKeyBag
0x00007ff81933d000 	/System/Library/Frameworks/ColorSync.framework/Versions/A/ColorSync
0x00007ff813b96000 	/System/Library/Frameworks/CoreFoundation.framework/Versions/A/CoreFoundation
0x00007ff81dbd4000 	/System/Library/Frameworks/CoreImage.framework/Versions/A/CoreImage
0x00007ff81595c000 	/System/Library/Frameworks/CoreText.framework/Versions/A/CoreText
0x00007ff81d875000 	/System/Library/Frameworks/ImageIO.framework/Versions/A/ImageIO
0x00007ff81f7e0000 	/System/Library/PrivateFrameworks/SoftLinking.framework/Versions/A/SoftLinking
0x00007ff81fa62000 	/usr/lib/libcompression.dylib
0x00007ff82157b000 	/System/Library/PrivateFrameworks/TextureIO.framework/Versions/A/TextureIO
0x00007ff820180000 	/usr/lib/libate.dylib
0x00007ff81ff2e000 	/usr/lib/liblzma.5.dylib
0x00007ff81f7dc000 	/usr/lib/libfakelink.dylib
0x00007ff8183e6000 	/System/Library/Frameworks/CFNetwork.framework/Versions/A/CFNetwork
0x00007ff81f919000 	/usr/lib/libarchive.2.dylib
0x00007ff823e36000 	/System/Library/Frameworks/Combine.framework/Versions/A/Combine
0x00007ff821f63000 	/usr/lib/swift/libswiftCore.dylib
0x00007ff915d03000 	/usr/lib/swift/libswiftCoreFoundation.dylib
0x00007ff913cdc000 	/usr/lib/swift/libswiftDarwin.dylib
0x00007ff8277ab000 	/usr/lib/swift/libswiftDispatch.dylib
0x00007ff915d1f000 	/usr/lib/swift/libswiftIOKit.dylib
0x00007ff829bac000 	/usr/lib/swift/libswiftObjectiveC.dylib
0x00007ff915d14000 	/usr/lib/swift/libswiftXPC.dylib
0x00007ffb31f71000 	/usr/lib/swift/libswift_Concurrency.dylib
0x00007ffb320b0000 	/usr/lib/swift/libswift_StringProcessing.dylib
0x00007ff829bb0000 	/usr/lib/swift/libswiftos.dylib
0x00007ff816b85000 	/System/Library/PrivateFrameworks/CoreServicesInternal.framework/Versions/A/CoreServicesInternal
0x00007ff81ed80000 	/usr/lib/libbsm.0.dylib
0x00007ff81f774000 	/usr/lib/system/libkxld.dylib
0x00007ff81bce1000 	/System/Library/Frameworks/CoreServices.framework/Versions/A/Frameworks/FSEvents.framework/Versions/A/FSEvents
0x00007ff816889000 	/System/Library/Frameworks/CoreServices.framework/Versions/A/Frameworks/CarbonCore.framework/Versions/A/CarbonCore
0x00007ff81af09000 	/System/Library/Frameworks/CoreServices.framework/Versions/A/Frameworks/Metadata.framework/Versions/A/Metadata
0x00007ff81f43d000 	/System/Library/Frameworks/CoreServices.framework/Versions/A/Frameworks/OSServices.framework/Versions/A/OSServices
0x00007ff81f9a1000 	/System/Library/Frameworks/CoreServices.framework/Versions/A/Frameworks/SearchKit.framework/Versions/A/SearchKit
0x00007ff81a0dc000 	/System/Library/Frameworks/CoreServices.framework/Versions/A/Frameworks/AE.framework/Versions/A/AE
0x00007ff814030000 	/System/Library/Frameworks/CoreServices.framework/Versions/A/Frameworks/LaunchServices.framework/Versions/A/LaunchServices
0x00007ff81fedf000 	/System/Library/Frameworks/CoreServices.framework/Versions/A/Frameworks/DictionaryServices.framework/Versions/A/DictionaryServices
0x00007ff81bcee000 	/System/Library/Frameworks/CoreServices.framework/Versions/A/Frameworks/SharedFileList.framework/Versions/A/SharedFileList
0x00007ff81fa2d000 	/usr/lib/libapple_nghttp2.dylib
0x00007ff8183e2000 	/usr/lib/libnetwork.dylib
0x00007ff819d54000 	/usr/lib/libsqlite3.dylib
0x00007ff81a15d000 	/System/Library/Frameworks/Network.framework/Versions/A/Network
0x00007ffb30f60000 	/usr/lib/libCoreEntitlements.dylib
0x00007ffb1e8f1000 	/System/Library/PrivateFrameworks/MessageSecurity.framework/Versions/A/MessageSecurity
0x00007ff819d3b000 	/System/Library/PrivateFrameworks/ProtocolBuffer.framework/Versions/A/ProtocolBuffer
0x00007ff81f417000 	/System/Library/PrivateFrameworks/AppleFSCompression.framework/Versions/A/AppleFSCompression
0x00007ff81ed68000 	/usr/lib/libcoretls.dylib
0x00007ff81ff48000 	/usr/lib/libcoretls_cfhelpers.dylib
0x00007ff81fa5c000 	/usr/lib/libpam.2.dylib
0x00007ff81ffb5000 	/usr/lib/libxar.1.dylib
0x00007ff820493000 	/usr/lib/libheimdal-asn1.dylib
0x00007ff81f7e1000 	/usr/lib/libpcap.A.dylib
0x00007ff81a14c000 	/usr/lib/libdns_services.dylib
0x00007ff81dff3000 	/System/Library/PrivateFrameworks/AppleSystemInfo.framework/Versions/A/AppleSystemInfo
0x00007ff81ea75000 	/System/Library/PrivateFrameworks/IOMobileFramebuffer.framework/Versions/A/IOMobileFramebuffer
0x00007ff81f427000 	/usr/lib/libbz2.1.0.dylib
0x00007ff81ed5c000 	/usr/lib/libCheckFix.dylib
0x00007ff818814000 	/System/Library/PrivateFrameworks/TCC.framework/Versions/A/TCC
0x00007ff81dff9000 	/System/Library/PrivateFrameworks/CoreNLP.framework/Versions/A/CoreNLP
0x00007ff81aec8000 	/System/Library/PrivateFrameworks/MetadataUtilities.framework/Versions/A/MetadataUtilities
0x00007ff81ed90000 	/usr/lib/libmecab.dylib
0x00007ff81477a000 	/usr/lib/libCRFSuite.dylib
0x00007ff81edea000 	/usr/lib/libgermantok.dylib
0x00007ff81fa08000 	/usr/lib/libThaiTokenizer.dylib
0x00007ff81afa8000 	/System/Library/Frameworks/Accelerate.framework/Versions/A/Frameworks/vImage.framework/Versions/A/vImage
0x00007ff825f61000 	/System/Library/Frameworks/Accelerate.framework/Versions/A/Frameworks/vecLib.framework/Versions/A/vecLib
0x00007ff81fff7000 	/System/Library/Frameworks/Accelerate.framework/Versions/A/Frameworks/vecLib.framework/Versions/A/libvMisc.dylib
0x00007ff81e89a000 	/System/Library/Frameworks/Accelerate.framework/Versions/A/Frameworks/vecLib.framework/Versions/A/libvDSP.dylib
0x00007ff8143ec000 	/System/Library/Frameworks/Accelerate.framework/Versions/A/Frameworks/vecLib.framework/Versions/A/libBLAS.dylib
0x00007ff81fb40000 	/System/Library/Frameworks/Accelerate.framework/Versions/A/Frameworks/vecLib.framework/Versions/A/libLAPACK.dylib
0x00007ff81eded000 	/System/Library/Frameworks/Accelerate.framework/Versions/A/Frameworks/vecLib.framework/Versions/A/libLinearAlgebra.dylib
0x00007ff81fa45000 	/System/Library/Frameworks/Accelerate.framework/Versions/A/Frameworks/vecLib.framework/Versions/A/libSparseBLAS.dylib
0x00007ff81fb3a000 	/System/Library/Frameworks/Accelerate.framework/Versions/A/Frameworks/vecLib.framework/Versions/A/libQuadrature.dylib
0x00007ff81e0e5000 	/System/Library/Frameworks/Accelerate.framework/Versions/A/Frameworks/vecLib.framework/Versions/A/libBNNS.dylib
0x00007ff814684000 	/System/Library/Frameworks/Accelerate.framework/Versions/A/Frameworks/vecLib.framework/Versions/A/libSparse.dylib
0x00007ffb1dbf0000 	/System/Library/PrivateFrameworks/MIL.framework/Versions/A/MIL
0x00007ff81f816000 	/usr/lib/libiconv.2.dylib
0x00007ff81f76e000 	/usr/lib/libcharset.1.dylib
0x00007ff81bcc5000 	/System/Library/Frameworks/OpenDirectory.framework/Versions/A/Frameworks/CFOpenDirectory.framework/Versions/A/CFOpenDirectory
0x00007ff81bcb9000 	/System/Library/Frameworks/OpenDirectory.framework/Versions/A/OpenDirectory
0x00007ff81ff4a000 	/System/Library/PrivateFrameworks/APFS.framework/Versions/A/APFS
0x00007ff81ec9f000 	/System/Library/Frameworks/SecurityFoundation.framework/Versions/A/SecurityFoundation
0x00007ff81ffc3000 	/usr/lib/libutil.dylib
0x00007ffb1cd8e000 	/System/Library/PrivateFrameworks/InstalledContentLibrary.framework/Versions/A/InstalledContentLibrary
0x00007ff816bc8000 	/System/Library/PrivateFrameworks/CoreServicesStore.framework/Versions/A/CoreServicesStore
0x00007ffb13ff5000 	/System/Library/PrivateFrameworks/AppleMobileFileIntegrity.framework/Versions/A/AppleMobileFileIntegrity
0x00007ff915ce3000 	/usr/lib/libmis.dylib
0x00007ff9242d6000 	/System/Library/PrivateFrameworks/MobileSystemServices.framework/Versions/A/MobileSystemServices
0x00007ffa1e517000 	/System/Library/PrivateFrameworks/ConfigProfileHelper.framework/Versions/A/ConfigProfileHelper
0x00007ff81fa0a000 	/System/Library/PrivateFrameworks/AppleSauce.framework/Versions/A/AppleSauce
0x00007ff815421000 	/System/Library/PrivateFrameworks/LanguageModeling.framework/Versions/A/LanguageModeling
0x00007ff81ffc7000 	/usr/lib/libxslt.1.dylib
0x00007ff81f908000 	/usr/lib/libcmph.dylib
0x00007ff81ea63000 	/System/Library/PrivateFrameworks/CoreEmoji.framework/Versions/A/CoreEmoji
0x00007ff81e0df000 	/System/Library/PrivateFrameworks/LinguisticData.framework/Versions/A/LinguisticData
0x00007ff81463a000 	/System/Library/PrivateFrameworks/Lexicon.framework/Versions/A/Lexicon
0x00007ff81ed2d000 	/System/Library/PrivateFrameworks/BackgroundTaskManagement.framework/Versions/A/BackgroundTaskManagement
0x00007ffb31096000 	/usr/lib/libTLE.dylib
0x00007ffb31ff5000 	/usr/lib/swift/libswift_RegexParser.dylib
0x00007ff820d29000 	/System/Library/PrivateFrameworks/AppleJPEG.framework/Versions/A/AppleJPEG
0x00007ff820478000 	/usr/lib/libexpat.1.dylib
0x00007ff8213d7000 	/System/Library/Frameworks/ImageIO.framework/Versions/A/Resources/libPng.dylib
0x00007ff821404000 	/System/Library/Frameworks/ImageIO.framework/Versions/A/Resources/libTIFF.dylib
0x00007ff8214f5000 	/System/Library/Frameworks/ImageIO.framework/Versions/A/Resources/libGIF.dylib
0x00007ff820d74000 	/System/Library/Frameworks/ImageIO.framework/Versions/A/Resources/libJP2.dylib
0x00007ff821495000 	/System/Library/Frameworks/ImageIO.framework/Versions/A/Resources/libJPEG.dylib
0x00007ff82148c000 	/System/Library/Frameworks/ImageIO.framework/Versions/A/Resources/libRadiance.dylib
0x00007ff81d3bf000 	/System/Library/PrivateFrameworks/FontServices.framework/libFontParser.dylib
0x00007ff81a081000 	/System/Library/PrivateFrameworks/RunningBoardServices.framework/Versions/A/RunningBoardServices
0x00007ff82c19b000 	/System/Library/PrivateFrameworks/IOSurfaceAccelerator.framework/Versions/A/IOSurfaceAccelerator
0x00007ff820e5f000 	/System/Library/PrivateFrameworks/WatchdogClient.framework/Versions/A/WatchdogClient
0x00007ff815583000 	/System/Library/Frameworks/CoreDisplay.framework/Versions/A/CoreDisplay
0x00007ff81d2ae000 	/System/Library/Frameworks/CoreMedia.framework/Versions/A/CoreMedia
0x00007ff81d0a0000 	/System/Library/PrivateFrameworks/IOAccelerator.framework/Versions/A/IOAccelerator
0x00007ff81be3f000 	/System/Library/Frameworks/CoreVideo.framework/Versions/A/CoreVideo
0x00007ff81fa5a000 	/System/Library/Frameworks/MetalPerformanceShaders.framework/Versions/A/MetalPerformanceShaders
0x00007ff820e9c000 	/System/Library/Frameworks/VideoToolbox.framework/Versions/A/VideoToolbox
0x00007ff819fc5000 	/System/Library/PrivateFrameworks/BaseBoard.framework/Versions/A/BaseBoard
0x00007ff821485000 	/System/Library/PrivateFrameworks/GPUWrangler.framework/Versions/A/GPUWrangler
0x00007ff821469000 	/System/Library/PrivateFrameworks/IOPresentment.framework/Versions/A/IOPresentment
0x00007ff82148f000 	/System/Library/PrivateFrameworks/DSExternalDisplay.framework/Versions/A/DSExternalDisplay
0x00007ffb19422000 	/System/Library/PrivateFrameworks/GPUCompiler.framework/Versions/31001/Libraries/libllvm-flatbuffers.dylib
0x00007ffa291d7000 	/System/Library/Frameworks/OpenGL.framework/Versions/A/Libraries/libCoreFSCache.dylib
0x00007ffb1941e000 	/System/Library/PrivateFrameworks/GPUCompiler.framework/Versions/31001/Libraries/libGPUCompilerUtils.dylib
0x00007ff8214fb000 	/System/Library/PrivateFrameworks/CMCaptureCore.framework/Versions/A/CMCaptureCore
0x00007ffa2e1b6000 	/System/Library/Frameworks/ExtensionFoundation.framework/Versions/A/ExtensionFoundation
0x00007ff827f27000 	/System/Library/PrivateFrameworks/CoreTime.framework/Versions/A/CoreTime
0x00007ff820a2c000 	/System/Library/PrivateFrameworks/AppServerSupport.framework/Versions/A/AppServerSupport
0x00007ff822db6000 	/System/Library/PrivateFrameworks/perfdata.framework/Versions/A/perfdata
0x00007ff8156af000 	/System/Library/PrivateFrameworks/AudioToolboxCore.framework/Versions/A/AudioToolboxCore
0x00007ff81d288000 	/System/Library/PrivateFrameworks/caulk.framework/Versions/A/caulk
0x00007ff822683000 	/usr/lib/libAudioStatistics.dylib
0x00007ff91517f000 	/System/Library/PrivateFrameworks/SystemPolicy.framework/Versions/A/SystemPolicy
0x00007ff822921000 	/usr/lib/libSMC.dylib
0x00007ff82ba03000 	/System/Library/Frameworks/CoreMIDI.framework/Versions/A/CoreMIDI
0x00007ff8213a5000 	/usr/lib/libAudioToolboxUtility.dylib
0x00007ff830f26000 	/System/Library/PrivateFrameworks/OSAServicesClient.framework/Versions/A/OSAServicesClient
0x00007ff822dc3000 	/usr/lib/libperfcheck.dylib
0x00007ff82035c000 	/System/Library/PrivateFrameworks/PlugInKit.framework/Versions/A/PlugInKit
0x00007ff81ec92000 	/System/Library/PrivateFrameworks/AssertionServices.framework/Versions/A/AssertionServices
0x00007ffa29232000 	/System/Library/Frameworks/OpenGL.framework/Versions/A/Libraries/libGLU.dylib
0x00007ffa291f6000 	/System/Library/Frameworks/OpenGL.framework/Versions/A/Libraries/libGFXShared.dylib
0x00007ffa293ff000 	/System/Library/Frameworks/OpenGL.framework/Versions/A/Libraries/libGL.dylib
0x00007ffa291ff000 	/System/Library/Frameworks/OpenGL.framework/Versions/A/Libraries/libGLImage.dylib
0x00007ffa291f3000 	/System/Library/Frameworks/OpenGL.framework/Versions/A/Libraries/libCVMSPluginSupport.dylib
0x00007ffb31075000 	/usr/lib/libRosetta.dylib
0x00007ffa291de000 	/System/Library/Frameworks/OpenGL.framework/Versions/A/Libraries/libCoreVMClient.dylib
0x00007ff81df6c000 	/System/Library/Frameworks/MetalPerformanceShaders.framework/Versions/A/Frameworks/MPSCore.framework/Versions/A/MPSCore
0x00007ff81f381000 	/System/Library/Frameworks/MetalPerformanceShaders.framework/Versions/A/Frameworks/MPSImage.framework/Versions/A/MPSImage
0x00007ff81ee03000 	/System/Library/Frameworks/MetalPerformanceShaders.framework/Versions/A/Frameworks/MPSNeuralNetwork.framework/Versions/A/MPSNeuralNetwork
0x00007ff81f276000 	/System/Library/Frameworks/MetalPerformanceShaders.framework/Versions/A/Frameworks/MPSMatrix.framework/Versions/A/MPSMatrix
0x00007ff81f031000 	/System/Library/Frameworks/MetalPerformanceShaders.framework/Versions/A/Frameworks/MPSRayIntersector.framework/Versions/A/MPSRayIntersector
0x00007ff81f2b0000 	/System/Library/Frameworks/MetalPerformanceShaders.framework/Versions/A/Frameworks/MPSNDArray.framework/Versions/A/MPSNDArray
0x00007ffa2f521000 	/System/Library/Frameworks/MetalPerformanceShaders.framework/Versions/A/Frameworks/MPSFunctions.framework/Versions/A/MPSFunctions
0x00007ff8142ad000 	/System/Library/PrivateFrameworks/MetalTools.framework/Versions/A/MetalTools
0x00007ff81dff2000 	/System/Library/PrivateFrameworks/AggregateDictionary.framework/Versions/A/AggregateDictionary
0x00007ff820217000 	/usr/lib/libIOReport.dylib
0x00007ffa2a7e2000 	/System/Library/Frameworks/OpenCL.framework/Versions/A/OpenCL
0x00007ff8205be000 	/System/Library/PrivateFrameworks/GraphVisualizer.framework/Versions/A/GraphVisualizer
0x00007ffb19323000 	/System/Library/PrivateFrameworks/FontServices.framework/Versions/A/FontServices
0x00007ff8209e7000 	/System/Library/PrivateFrameworks/OTSVG.framework/Versions/A/OTSVG
0x00007ff81ba09000 	/System/Library/Frameworks/ApplicationServices.framework/Versions/A/Frameworks/ATS.framework/Versions/A/Resources/libFontRegistry.dylib
0x00007ff820a36000 	/System/Library/PrivateFrameworks/FontServices.framework/libhvf.dylib
0x00007ffb19324000 	/System/Library/PrivateFrameworks/FontServices.framework/libXTFontStaticRegistryData.dylib
0x00007ffb2a555000 	/System/Library/PrivateFrameworks/VideoToolboxParavirtualizationSupport.framework/Versions/A/VideoToolboxParavirtualizationSupport
0x00007ff820428000 	/System/Library/PrivateFrameworks/AppleVA.framework/Versions/A/AppleVA
0x00007ff8226c3000 	/System/Library/Frameworks/ApplicationServices.framework/Versions/A/Frameworks/ATS.framework/Versions/A/ATS
0x00007ff81942d000 	/System/Library/Frameworks/ApplicationServices.framework/Versions/A/Frameworks/HIServices.framework/Versions/A/HIServices
0x00007ff821507000 	/System/Library/Frameworks/ApplicationServices.framework/Versions/A/Frameworks/PrintCore.framework/Versions/A/PrintCore
0x00007ff822a76000 	/System/Library/Frameworks/ApplicationServices.framework/Versions/A/Frameworks/QD.framework/Versions/A/QD
0x00007ff822a6e000 	/System/Library/Frameworks/ApplicationServices.framework/Versions/A/Frameworks/ColorSyncLegacy.framework/Versions/A/ColorSyncLegacy
0x00007ff822697000 	/System/Library/Frameworks/ApplicationServices.framework/Versions/A/Frameworks/SpeechSynthesis.framework/Versions/A/SpeechSynthesis
0x00007ff8214c5000 	/System/Library/Frameworks/ApplicationServices.framework/Versions/A/Frameworks/ATSUI.framework/Versions/A/ATSUI
0x00007ff822a01000 	/usr/lib/libcups.2.dylib
0x00007ff822dd2000 	/System/Library/Frameworks/Kerberos.framework/Versions/A/Kerberos
0x00007ff822de1000 	/System/Library/Frameworks/GSS.framework/Versions/A/GSS
0x00007ff822731000 	/usr/lib/libresolv.9.dylib
0x00007ff820a47000 	/System/Library/PrivateFrameworks/Heimdal.framework/Versions/A/Heimdal
0x00007ff829b2f000 	/System/Library/Frameworks/Kerberos.framework/Versions/A/Libraries/libHeimdalProxy.dylib
0x00007ff822e2c000 	/System/Library/PrivateFrameworks/CommonAuth.framework/Versions/A/CommonAuth
0x00007ffa2d48c000 	/System/Library/Frameworks/AVFAudio.framework/Versions/A/AVFAudio
0x00007ff830f6f000 	/System/Library/PrivateFrameworks/AXCoreUtilities.framework/Versions/A/AXCoreUtilities
0x00007ff822613000 	/System/Library/PrivateFrameworks/AudioSession.framework/Versions/A/AudioSession
0x00007ff823c0d000 	/System/Library/Frameworks/IOBluetooth.framework/Versions/A/IOBluetooth
0x00007ff82052e000 	/System/Library/PrivateFrameworks/MediaExperience.framework/Versions/A/MediaExperience
0x00007ff8224ba000 	/System/Library/PrivateFrameworks/AudioSession.framework/libSessionUtility.dylib
0x00007ff822a82000 	/System/Library/PrivateFrameworks/AudioResourceArbitration.framework/Versions/A/AudioResourceArbitration
0x00007ff826b66000 	/System/Library/PrivateFrameworks/PowerLog.framework/Versions/A/PowerLog
0x00007ff826aa8000 	/System/Library/Frameworks/CoreBluetooth.framework/Versions/A/CoreBluetooth
0x00007ff829b30000 	/System/Library/Frameworks/AudioUnit.framework/Versions/A/AudioUnit
0x00007ff81eafc000 	/System/Library/PrivateFrameworks/CoreUtils.framework/Versions/A/CoreUtils
0x00007ffb17ed4000 	/System/Library/PrivateFrameworks/CoreUtilsExtras.framework/Versions/A/CoreUtilsExtras
0x00007ffb1cc25000 	/System/Library/PrivateFrameworks/IO80211.framework/Versions/A/IO80211
0x00007ff82049c000 	/System/Library/PrivateFrameworks/IconFoundation.framework/Versions/A/IconFoundation
0x00007ff825b85000 	/System/Library/PrivateFrameworks/SpeechRecognitionCore.framework/Versions/A/SpeechRecognitionCore
0x000000010ef62000 	/Applications/IntelliJ IDEA CE.app/Contents/jbr/Contents/Home/lib/server/libjvm.dylib
0x000000010ddb0000 	/Applications/IntelliJ IDEA CE.app/Contents/jbr/Contents/Home/lib/libjimage.dylib
0x000000010de21000 	/Applications/IntelliJ IDEA CE.app/Contents/jbr/Contents/Home/lib/libinstrument.dylib
0x000000010de62000 	/Applications/IntelliJ IDEA CE.app/Contents/jbr/Contents/Home/lib/libjava.dylib
0x000000010de34000 	/Applications/IntelliJ IDEA CE.app/Contents/jbr/Contents/Home/lib/libzip.dylib
0x000000010e947000 	/Applications/IntelliJ IDEA CE.app/Contents/jbr/Contents/Home/lib/libnio.dylib
0x000000010e981000 	/Applications/IntelliJ IDEA CE.app/Contents/jbr/Contents/Home/lib/libnet.dylib
0x000000010e92b000 	/Applications/IntelliJ IDEA CE.app/Contents/jbr/Contents/Home/lib/libextnet.dylib
0x000000010ea3f000 	/Applications/IntelliJ IDEA CE.app/Contents/jbr/Contents/Home/lib/libawt.dylib
0x000000010eaff000 	/Applications/IntelliJ IDEA CE.app/Contents/jbr/Contents/Home/lib/libmlib_image.dylib
0x00007ffa2e76e000 	/System/Library/Frameworks/JavaRuntimeSupport.framework/Versions/A/JavaRuntimeSupport
0x00007ff914b96000 	/System/Library/Frameworks/Carbon.framework/Versions/A/Carbon
0x00007ff827e56000 	/System/Library/PrivateFrameworks/CoreSymbolication.framework/Versions/A/CoreSymbolication
0x00007ff82d6b3000 	/System/Library/Frameworks/Carbon.framework/Versions/A/Frameworks/CommonPanels.framework/Versions/A/CommonPanels
0x00007ff8294a5000 	/System/Library/Frameworks/Carbon.framework/Versions/A/Frameworks/Help.framework/Versions/A/Help
0x00007ff82d6b7000 	/System/Library/Frameworks/Carbon.framework/Versions/A/Frameworks/ImageCapture.framework/Versions/A/ImageCapture
0x00007ff82d687000 	/System/Library/Frameworks/Carbon.framework/Versions/A/Frameworks/OpenScripting.framework/Versions/A/OpenScripting
0x00007ff82d6af000 	/System/Library/Frameworks/Carbon.framework/Versions/A/Frameworks/Ink.framework/Versions/A/Ink
0x00007ff914b92000 	/System/Library/Frameworks/Carbon.framework/Versions/A/Frameworks/Print.framework/Versions/A/Print
0x00007ff82d6ab000 	/System/Library/Frameworks/Carbon.framework/Versions/A/Frameworks/SecurityHI.framework/Versions/A/SecurityHI
0x00007ff827e1b000 	/System/Library/PrivateFrameworks/DebugSymbols.framework/Versions/A/DebugSymbols
0x000000010ed0e000 	/Applications/IntelliJ IDEA CE.app/Contents/jbr/Contents/Home/lib/libawt_lwawt.dylib
0x000000010e9c9000 	/Applications/IntelliJ IDEA CE.app/Contents/jbr/Contents/Home/lib/libosxapp.dylib
0x00007ff913d4a000 	/System/Library/Frameworks/ExceptionHandling.framework/Versions/A/ExceptionHandling
0x000000010eb98000 	/private/var/folders/lw/pjcgxffn34ncl2k0ps3blnv00000gn/T/lwjglnickfanelli/3.3.1-build-7/liblwjgl.dylib
0x000000010ebd1000 	/private/var/folders/lw/pjcgxffn34ncl2k0ps3blnv00000gn/T/lwjglnickfanelli/3.3.1-build-7/libglfw.dylib
0x00007ff827158000 	/System/Library/Frameworks/FileProvider.framework/Versions/A/FileProvider
0x00007ff819f30000 	/System/Library/Frameworks/Accounts.framework/Versions/A/Accounts
0x00007ff81bece000 	/System/Library/PrivateFrameworks/UserManagement.framework/Versions/A/UserManagement
0x00007ff8272e3000 	/System/Library/PrivateFrameworks/GenerationalStorage.framework/Versions/A/GenerationalStorage
0x00007ff826b5b000 	/System/Library/PrivateFrameworks/SymptomDiagnosticReporter.framework/Versions/A/SymptomDiagnosticReporter
0x00007ff817f0e000 	/System/Library/PrivateFrameworks/DesktopServicesPriv.framework/Versions/A/DesktopServicesPriv
0x00007ff816cd2000 	/usr/lib/libsandbox.1.dylib
0x00007ff822a63000 	/System/Library/PrivateFrameworks/NetAuth.framework/Versions/A/NetAuth
0x00007ff823a90000 	/System/Library/PrivateFrameworks/Sharing.framework/Versions/A/Sharing
0x00007ff81be94000 	/System/Library/PrivateFrameworks/login.framework/Versions/A/Frameworks/loginsupport.framework/Versions/A/loginsupport
0x00007ff829054000 	/System/Library/PrivateFrameworks/Apple80211.framework/Versions/A/Apple80211
0x00007ff81f46a000 	/System/Library/PrivateFrameworks/AuthKit.framework/Versions/A/AuthKit
0x00007ff81ea82000 	/System/Library/Frameworks/CoreWLAN.framework/Versions/A/CoreWLAN
0x00007ff829058000 	/System/Library/PrivateFrameworks/CoreWiFi.framework/Versions/A/CoreWiFi
0x00007ffa1850b000 	/System/Library/PrivateFrameworks/WiFiPeerToPeer.framework/Versions/A/WiFiPeerToPeer
0x00007ff8279c6000 	/System/Library/PrivateFrameworks/FrontBoardServices.framework/Versions/A/FrontBoardServices
0x00007ff827a5e000 	/System/Library/PrivateFrameworks/BoardServices.framework/Versions/A/BoardServices
0x00007ff8291b7000 	/System/Library/PrivateFrameworks/BackBoardServices.framework/Versions/A/BackBoardServices
0x00007ff81f5d8000 	/System/Library/Frameworks/UserNotifications.framework/Versions/A/UserNotifications
0x00007ff822f21000 	/System/Library/PrivateFrameworks/CorePhoneNumbers.framework/Versions/A/CorePhoneNumbers
0x00007ff82275e000 	/System/Library/PrivateFrameworks/MultiverseSupport.framework/Versions/A/MultiverseSupport
0x00007ff829432000 	/System/Library/PrivateFrameworks/RemoteServiceDiscovery.framework/Versions/A/RemoteServiceDiscovery
0x00007ff826c79000 	/System/Library/PrivateFrameworks/DiskManagement.framework/Versions/A/DiskManagement
0x00007ff826b8d000 	/System/Library/PrivateFrameworks/AppleIDAuthSupport.framework/Versions/A/AppleIDAuthSupport
0x00007ffa31fe7000 	/System/Library/PrivateFrameworks/AAAFoundation.framework/Versions/A/AAAFoundation
0x00007ff822efa000 	/System/Library/PrivateFrameworks/KeychainCircle.framework/Versions/A/KeychainCircle
0x00007ff829442000 	/System/Library/PrivateFrameworks/RemoteXPC.framework/Versions/A/RemoteXPC
0x00007ff826c45000 	/System/Library/PrivateFrameworks/MediaKit.framework/Versions/A/MediaKit
0x00007ff826b99000 	/System/Library/Frameworks/DiscRecording.framework/Versions/A/DiscRecording
0x00007ff8203a0000 	/usr/lib/libCoreStorage.dylib
0x00007ff8294ad000 	/usr/lib/libcsfde.dylib
0x00007ff823cde000 	/System/Library/PrivateFrameworks/ProtectedCloudStorage.framework/Versions/A/ProtectedCloudStorage
0x00007ff8294a9000 	/System/Library/PrivateFrameworks/EFILogin.framework/Versions/A/EFILogin
0x00007ff827309000 	/System/Library/PrivateFrameworks/OctagonTrust.framework/Versions/A/OctagonTrust
0x00007ff820398000 	/usr/lib/libMatch.1.dylib
0x00007ffb30e31000 	/usr/lib/libAccessibilityBaseImplementations.dylib
0x00007ff81bbad000 	/System/Library/PrivateFrameworks/ViewBridge.framework/Versions/A/ViewBridge
0x000000010eccf000 	/usr/lib/libobjc-trampolines.dylib
0x00007ff91a953000 	/System/Library/Frameworks/Accelerate.framework/Versions/A/Frameworks/vImage.framework/Versions/A/Libraries/libCGInterfaces.dylib
0x00007ff820afe000 	/System/Library/PrivateFrameworks/login.framework/Versions/A/login
0x00007ffa2940a000 	/System/Library/Frameworks/OpenGL.framework/Versions/A/Resources/GLEngine.bundle/GLEngine
0x00007ffa29270000 	/System/Library/Frameworks/OpenGL.framework/Versions/A/Libraries/libGLProgrammability.dylib
0x00007ffa210c8000 	/System/Library/Extensions/AppleIntelKBLGraphicsGLDriver.bundle/Contents/MacOS/AppleIntelKBLGraphicsGLDriver
0x00007ff92121e000 	/System/Library/PrivateFrameworks/GPUSupport.framework/Versions/A/Libraries/libGPUSupportMercury.dylib
0x00007ffa29594000 	/System/Library/Frameworks/OpenGL.framework/Versions/A/Resources/GLRendererFloat.bundle/GLRendererFloat
0x0000000133fe5000 	/private/var/folders/lw/pjcgxffn34ncl2k0ps3blnv00000gn/T/lwjglnickfanelli/3.3.1-build-7/liblwjgl_opengl.dylib
0x0000000133fcf000 	/Applications/IntelliJ IDEA CE.app/Contents/jbr/Contents/Home/lib/libverify.dylib


VM Arguments:
jvm_args: -javaagent:/Applications/IntelliJ IDEA CE.app/Contents/lib/idea_rt.jar=50430:/Applications/IntelliJ IDEA CE.app/Contents/bin -Dfile.encoding=UTF-8 
java_command: com.paperclip.samples.internal.SpriteRenderingExampleSceneKt
java_class_path (initial): /Users/nickfanelli/Dev/Paperclip/Samples/build/classes/kotlin/main:/Users/nickfanelli/Dev/Paperclip/Samples/build/resources/main:/Users/nickfanelli/Dev/Paperclip/PaperclipEngine/build/classes/kotlin/main:/Users/nickfanelli/Dev/Paperclip/PaperclipEngine/build/resources/main:/Users/nickfanelli/.gradle/caches/modules-2/files-2.1/org.jetbrains.kotlin/kotlin-stdlib-jdk8/1.7.21/5407c3593c58860cec5ee3f66c468396b42f4c2b/kotlin-stdlib-jdk8-1.7.21.jar:/Users/nickfanelli/.gradle/caches/modules-2/files-2.1/org.lwjgl/lwjgl-assimp/3.3.1/312072f451794f25670aebb0160ce6ec88aff842/lwjgl-assimp-3.3.1.jar:/Users/nickfanelli/.gradle/caches/modules-2/files-2.1/org.lwjgl/lwjgl-glfw/3.3.1/cbac1b8d30cb4795149c1ef540f912671a8616d0/lwjgl-glfw-3.3.1.jar:/Users/nickfanelli/.gradle/caches/modules-2/files-2.1/org.lwjgl/lwjgl-openal/3.3.1/2623a6b8ae1dfcd880738656a9f0243d2e6840bd/lwjgl-openal-3.3.1.jar:/Users/nickfanelli/.gradle/caches/modules-2/files-2.1/org.lwjgl/lwjgl-opengl/3.3.1/831a5533a21a5f4f81bbc51bb13e9899319b5411/lwjgl-opengl-3.3.1.jar:/Users/nickfanelli/.gradle/caches/modules-2/files-2.1/org.lwjgl/lwjgl-stb/3.3.1/b119297cf8ed01f247abe8685857f8e7fcf5980f/lwjgl-stb-3.3.1.jar:/Users/nickfanelli/.gradle/caches/modules-2/files-2.1/org.lwjgl/lwjgl/3.3.1/ae58664f88e18a9bb2c77b063833ca7aaec484cb/lwjgl-3.3.1.jar:/Users/nickfanelli/.gradle/caches/modules-2/files-2.1/org.joml/joml/1.10.5/22566d58af70ad3d72308bab63b8339906deb649/joml-1.10.5.jar:/Users/nickfanelli/.gradle/caches/modules-2/files-2.1/org.jetbrains.kotlin/kotlin-stdlib-jdk7/1.7.21/a0ba09615c2213d580315e234b3febfea25b757e/kotlin-stdlib-jdk7-1.7.21.jar:/Users/nickfanelli/.gradle/caches/modules-2/files-2.1/org.jetbrains.kotlin/kotlin-stdlib/1.7.21/1a2eaf898a0dda83037034b10a42053cf8a7caf8/kotlin-stdlib-1.7.21.jar:/Users/nickfanelli/.gradle/caches/modules-2/files-2.1/org.jetbrains.kotlin/kotlin-stdlib-common/1.7.21/cb02257de8e13e8498f8e2f69f742f2d438e794d/kotlin-stdlib-common-1.7.21.jar:/Users/nickfanelli/.gradl
Launcher Type: SUN_STANDARD

[Global flags]
     intx CICompilerCount                          = 4                                         {product} {ergonomic}
     uint ConcGCThreads                            = 2                                         {product} {ergonomic}
     uint G1ConcRefinementThreads                  = 8                                         {product} {ergonomic}
   size_t G1HeapRegionSize                         = 2097152                                   {product} {ergonomic}
    uintx GCDrainStackTargetSize                   = 64                                        {product} {ergonomic}
   size_t InitialHeapSize                          = 268435456                                 {product} {ergonomic}
   size_t MarkStackSize                            = 4194304                                   {product} {ergonomic}
   size_t MaxHeapSize                              = 4294967296                                {product} {ergonomic}
   size_t MaxNewSize                               = 2575302656                                {product} {ergonomic}
   size_t MinHeapDeltaBytes                        = 2097152                                   {product} {ergonomic}
   size_t MinHeapSize                              = 8388608                                   {product} {ergonomic}
    uintx NonNMethodCodeHeapSize                   = 5839372                                {pd product} {ergonomic}
    uintx NonProfiledCodeHeapSize                  = 122909434                              {pd product} {ergonomic}
    uintx ProfiledCodeHeapSize                     = 122909434                              {pd product} {ergonomic}
    uintx ReservedCodeCacheSize                    = 251658240                              {pd product} {ergonomic}
     bool SegmentedCodeCache                       = true                                      {product} {ergonomic}
   size_t SoftMaxHeapSize                          = 4294967296                             {manageable} {ergonomic}
     bool UseCompressedClassPointers               = true                           {product lp64_product} {ergonomic}
     bool UseCompressedOops                        = true                           {product lp64_product} {ergonomic}
     bool UseG1GC                                  = true                                      {product} {ergonomic}
     bool UseNUMA                                  = false                                     {product} {ergonomic}
     bool UseNUMAInterleaving                      = false                                     {product} {ergonomic}

Logging:
Log output configuration:
 #0: stdout all=warning uptime,level,tags
 #1: stderr all=off uptime,level,tags

Environment Variables:
PATH=/usr/local/bin:/System/Cryptexes/App/usr/bin:/usr/bin:/bin:/usr/sbin:/sbin
SHELL=/bin/zsh
LC_CTYPE=en_US.UTF-8
TMPDIR=/var/folders/lw/pjcgxffn34ncl2k0ps3blnv00000gn/T/

Signal Handlers:
   SIGSEGV: crash_handler in libjvm.dylib, mask=11100110000111110111111111111111, flags=SA_RESTART|SA_SIGINFO
    SIGBUS: crash_handler in libjvm.dylib, mask=11100110000111110111111111111111, flags=SA_RESTART|SA_SIGINFO
    SIGFPE: crash_handler in libjvm.dylib, mask=11100110000111110111111111111111, flags=SA_RESTART|SA_SIGINFO
   SIGPIPE: javaSignalHandler in libjvm.dylib, mask=11100110000111110111111111111111, flags=SA_RESTART|SA_SIGINFO
   SIGXFSZ: javaSignalHandler in libjvm.dylib, mask=11100110000111110111111111111111, flags=SA_RESTART|SA_SIGINFO
    SIGILL: crash_handler in libjvm.dylib, mask=11100110000111110111111111111111, flags=SA_RESTART|SA_SIGINFO
   SIGUSR2: SR_handler in libjvm.dylib, mask=00100000000000000000000000000000, flags=SA_RESTART|SA_SIGINFO
    SIGHUP: UserHandler in libjvm.dylib, mask=11100110000111110111111111111111, flags=SA_RESTART|SA_SIGINFO
    SIGINT: UserHandler in libjvm.dylib, mask=11100110000111110111111111111111, flags=SA_RESTART|SA_SIGINFO
   SIGTERM: UserHandler in libjvm.dylib, mask=11100110000111110111111111111111, flags=SA_RESTART|SA_SIGINFO
   SIGQUIT: UserHandler in libjvm.dylib, mask=11100110000111110111111111111111, flags=SA_RESTART|SA_SIGINFO
  *** Handler was modified!
  *** Expected: javaSignalHandler in libjvm.dylib, mask=11100110100111111111111111111111, flags=SA_RESTART|SA_SIGINFO
   SIGTRAP: crash_handler in libjvm.dylib, mask=11100110000111110111111111111111, flags=SA_RESTART|SA_SIGINFO


---------------  S Y S T E M  ---------------

OS:
uname: Darwin 22.2.0 Darwin Kernel Version 22.2.0: Fri Nov 11 02:08:47 PST 2022; root:xnu-8792.61.2~4/RELEASE_X86_64 x86_64
OS uptime: 0 days 14:58 hours
rlimit (soft/hard): STACK 8192k/65532k , CORE 0k/infinity , NPROC 2784/4176 , NOFILE 10240/infinity , AS infinity/infinity , CPU infinity/infinity , DATA infinity/infinity , FSIZE infinity/infinity , MEMLOCK infinity/infinity , RSS infinity/infinity
load average: 2.15 2.76 2.79

CPU: total 8 (initial active 8) (4 cores per cpu, 2 threads per core) family 6 model 142 stepping 10 microcode 0xf0, cx8, cmov, fxsr, ht, mmx, 3dnowpref, sse, sse2, sse3, ssse3, sse4.1, sse4.2, popcnt, lzcnt, tsc, tscinvbit, avx, avx2, aes, erms, clmul, bmi1, bmi2, adx, fma, vzeroupper, clflush, clflushopt

Memory: 4k page, physical 16777216k(530516k free), swap 0k(0k free)

vm_info: OpenJDK 64-Bit Server VM (17.0.5+1-b653.23) for bsd-amd64 JRE (17.0.5+1-b653.23), built on 2022-12-12 by "builduser" with clang Apple LLVM 13.0.0 (clang-1300.0.29.3)

END.
