#
# A fatal error has been detected by the Java Runtime Environment:
#
#  EXCEPTION_ACCESS_VIOLATION (0xc0000005) at pc=0x00007ff987e84525, pid=23592, tid=24708
#
# JRE version: OpenJDK Runtime Environment (17.0.2+8) (build 17.0.2+8-86)
# Java VM: OpenJDK 64-Bit Server VM (17.0.2+8-86, mixed mode, sharing, tiered, compressed oops, compressed class ptrs, g1 gc, windows-amd64)
# Problematic frame:
# C  [ig9icd64.dll+0x84525]
#
# No core dump will be written. Minidumps are not enabled by default on client versions of Windows
#
# If you would like to submit a bug report, please visit:
#   https://bugreport.java.com/bugreport/crash.jsp
# The crash happened outside the Java Virtual Machine in native code.
# See problematic frame for where to report the bug.
#

---------------  S U M M A R Y ------------

Command Line: -javaagent:C:\Program Files\JetBrains\IntelliJ IDEA Community Edition 2021.3\lib\idea_rt.jar=56246:C:\Program Files\JetBrains\IntelliJ IDEA Community Edition 2021.3\bin -Dfile.encoding=UTF-8 com.paperclip.editor.PaperclipKt

Host: Intel(R) Core(TM) i5-10210U CPU @ 1.60GHz, 8 cores, 7G,  Windows 11 , 64 bit Build 22000 (10.0.22000.1335)
Time: Mon Dec 26 12:16:05 2022 Eastern Standard Time elapsed time: 6.038873 seconds (0d 0h 0m 6s)

---------------  T H R E A D  ---------------

Current thread (0x000001c1d44276f0):  JavaThread "main" [_thread_in_native, id=24708, stack(0x00000038adc00000,0x00000038add00000)]

Stack: [0x00000038adc00000,0x00000038add00000],  sp=0x00000038adcfbff0,  free space=1007k
Native frames: (J=compiled Java code, j=interpreted, Vv=VM code, C=native code)
C  [ig9icd64.dll+0x84525]

Java frames: (J=compiled Java code, j=interpreted, Vv=VM code)
j  org.lwjgl.opengl.GL11C.nglDrawElements(IIIJ)V+0
J 1210 c1 org.lwjgl.opengl.GL11C.glDrawElements(IIIJ)V (8 bytes) @ 0x000001c1dc3fbb6c [0x000001c1dc3fbb20+0x000000000000004c]
J 1209 c1 org.lwjgl.opengl.GL11.glDrawElements(IIIJ)V (8 bytes) @ 0x000001c1dc3fb7ec [0x000001c1dc3fb7a0+0x000000000000004c]
j  com.paperclip.engine.graphics.render.QuadRenderer.render()V+131
j  com.paperclip.engine.graphics.render.QuadRenderer.end()V+5
j  com.paperclip.engine.scene.GameScene.onRender()V+123
j  com.paperclip.engine.scene.SceneManager.onUpdate(F)V+24
j  com.paperclip.engine.application.Application.onUpdate(F)V+16
j  com.paperclip.engine.application.Application.access$onUpdate(Lcom/paperclip/engine/application/Application;F)V+2
j  com.paperclip.engine.application.Application$1.invoke(F)V+8
j  com.paperclip.engine.application.Application$1.invoke(Ljava/lang/Object;)Ljava/lang/Object;+8
J 1213 c1 com.paperclip.engine.application.Display.update()V (163 bytes) @ 0x000001c1dc3fd74c [0x000001c1dc3fc7a0+0x0000000000000fac]
j  com.paperclip.engine.application.DisplayStack.updateDisplayStack()V+37
j  com.paperclip.engine.application.DisplayStack.iterateStackUntilEmpty()V+10
j  com.paperclip.editor.Paperclip.<init>()V+31
j  com.paperclip.editor.PaperclipKt.main()V+4
j  com.paperclip.editor.PaperclipKt.main([Ljava/lang/String;)V+0
v  ~StubRoutines::call_stub

siginfo: EXCEPTION_ACCESS_VIOLATION (0xc0000005), reading address 0x000001c1f5314000


Register to memory mapping:

RIP=0x00007ff987e84525 ig9icd64.dll
RAX=0x000001c1f5313ff0 points into unknown readable memory: 0x0000000000000000 | 00 00 00 00 00 00 00 00
RBX=0x000001c1f5313380 points into unknown readable memory: 0x0046004800470046 | 46 00 47 00 48 00 46 00
RCX=0x0000000000000005 is an unknown value
RDX=0x0000000000000028 is an unknown value
RSP=0x00000038adcfbff0 is pointing into the stack for thread: 0x000001c1d44276f0
RBP=0x00000038adcfc100 is pointing into the stack for thread: 0x000001c1d44276f0
RSI=0x00000038adcfc180 is pointing into the stack for thread: 0x000001c1d44276f0
RDI=0x00000038adcfc178 is pointing into the stack for thread: 0x000001c1d44276f0
R8 =0x00000000ffffffff is an unallocated location in the heap
R9 =0x0 is NULL
R10=0x000001c1f5314000 is an unknown value
R11=0x0 is NULL
R12=0x000001c1fa725f00 points into unknown readable memory: 0x000001c1f3857a40 | 40 7a 85 f3 c1 01 00 00
R13=0x000001c1fa49f3a0 points into unknown readable memory: 0x0000703411000001 | 01 00 00 11 34 70 00 00
R14=0x0 is NULL
R15=0x0000000000000002 is an unknown value


Registers:
RAX=0x000001c1f5313ff0, RBX=0x000001c1f5313380, RCX=0x0000000000000005, RDX=0x0000000000000028
RSP=0x00000038adcfbff0, RBP=0x00000038adcfc100, RSI=0x00000038adcfc180, RDI=0x00000038adcfc178
R8 =0x00000000ffffffff, R9 =0x0000000000000000, R10=0x000001c1f5314000, R11=0x0000000000000000
R12=0x000001c1fa725f00, R13=0x000001c1fa49f3a0, R14=0x0000000000000000, R15=0x0000000000000002
RIP=0x00007ff987e84525, EFLAGS=0x0000000000010206

Top of Stack: (sp=0x00000038adcfbff0)
0x00000038adcfbff0:   000001c1fa725f00 00007ff9886b7d42
0x00000038adcfc000:   00000000ffffffff 0000000000000348
0x00000038adcfc010:   000001c1fa4cc860 000001c1fa75e880
0x00000038adcfc020:   000000380000000b 0000000000000000
0x00000038adcfc030:   00000000000008a0 000001c1fa4b38d8
0x00000038adcfc040:   0000000000000003 000001c1fa751900
0x00000038adcfc050:   ffffffffadcfc77c 00000000f327c140
0x00000038adcfc060:   0000000000000000 0000000000000002
0x00000038adcfc070:   000001c1f6910864 000001c1fa4b3800
0x00000038adcfc080:   000001c100000000 0000000100000000
0x00000038adcfc090:   00040000adcfc100 000001c1f327b8a0
0x00000038adcfc0a0:   000001c1fa74fbe8 000001c1fa750fbe
0x00000038adcfc0b0:   00000038adcfc03c 00000864f691045c
0x00000038adcfc0c0:   000001c1fa49f3a0 000001c1fa4b1130
0x00000038adcfc0d0:   000001c1fa96cda0 0000000000000002
0x00000038adcfc0e0:   ffffffff003a7ce0 0000000000000001 

Instructions: (pc=0x00007ff987e84525)
0x00007ff987e84425:   8b 5c 24 30 b8 02 00 00 00 48 83 c4 20 5e c3 cc
0x00007ff987e84435:   cc cc cc cc cc cc cc cc cc cc cc 48 89 74 24 10
0x00007ff987e84445:   57 8b c2 49 8b f9 48 c1 e8 05 49 8b f0 48 ff c0
0x00007ff987e84455:   4c 8b d1 0f 1f 84 00 00 00 00 00 0f 18 01 48 8d
0x00007ff987e84465:   49 20 48 83 e8 01 75 f3 45 33 c9 c1 ea 02 41 b8
0x00007ff987e84475:   ff ff ff ff 41 f6 c2 03 0f 85 80 01 00 00 41 0f
0x00007ff987e84485:   18 42 20 41 0f 18 42 40 83 fa 04 0f 82 6d 01 00
0x00007ff987e84495:   00 45 8d 5a 0f 41 83 e3 f0 45 2b da 41 c1 eb 02
0x00007ff987e844a5:   45 85 db 74 41 48 89 5c 24 10 41 8b db 0f 1f 40
0x00007ff987e844b5:   00 66 66 0f 1f 84 00 00 00 00 00 41 8b 0a 49 83
0x00007ff987e844c5:   c2 04 44 3b c1 8b c1 41 0f 46 c0 44 3b c9 44 8b
0x00007ff987e844d5:   c0 41 0f 43 c9 44 8b c9 48 83 eb 01 75 dd 48 8b
0x00007ff987e844e5:   5c 24 10 41 2b d3 83 fa 08 0f 82 0f 01 00 00 41
0x00007ff987e844f5:   8b c0 0f 57 d2 0f 57 db 8b ca 48 c1 e9 03 f3 48
0x00007ff987e84505:   0f 2a d0 41 8b c1 f3 48 0f 2a d8 0f c6 d2 00 0f
0x00007ff987e84515:   c6 db 00 0f 1f 84 00 00 00 00 00 41 0f 18 42 40
0x00007ff987e84525:   41 0f 5b 02 49 8d 42 10 83 c2 f8 4c 8d 50 10 0f
0x00007ff987e84535:   5d d0 0f 5f d8 0f 5b 00 0f 5d d0 0f 5f d8 48 83
0x00007ff987e84545:   e9 01 75 d7 83 fa 04 72 2d 8b c2 48 c1 e8 02 0f
0x00007ff987e84555:   1f 40 00 0f 1f 84 00 00 00 00 00 f3 41 0f 6f 02
0x00007ff987e84565:   83 c2 fc 0f 5b c8 49 83 c2 10 0f 5d d1 0f 5f d9
0x00007ff987e84575:   48 83 e8 01 75 e5 66 0f 5b ca 66 0f 7e c8 66 0f
0x00007ff987e84585:   6f c1 66 0f 73 d8 04 66 0f 7e c1 66 0f 6f c1 44
0x00007ff987e84595:   3b c0 66 0f 73 d8 08 66 0f 73 d9 0c 41 0f 46 c0
0x00007ff987e845a5:   66 41 0f 7e c8 3b c1 66 0f 5b cb 0f 46 c8 66 0f
0x00007ff987e845b5:   7e c0 66 0f 6f c1 66 0f 73 d8 04 3b c8 0f 46 c1
0x00007ff987e845c5:   66 0f 7e c1 41 3b c0 66 0f 6f c1 66 0f 73 d8 08
0x00007ff987e845d5:   44 0f 46 c0 66 0f 7e c8 66 0f 73 d9 0c 44 3b c8
0x00007ff987e845e5:   41 0f 43 c1 66 41 0f 7e c9 3b c1 0f 43 c8 66 0f
0x00007ff987e845f5:   7e c0 3b c8 0f 43 c1 41 3b c1 44 0f 43 c8 85 d2
0x00007ff987e84605:   74 36 66 0f 1f 84 00 00 00 00 00 41 8b 0a 4d 8d
0x00007ff987e84615:   52 04 44 3b c1 8b c1 41 0f 46 c0 44 3b c9 44 8b 


Stack slot to memory mapping:
stack at sp + 0 slots: 0x000001c1fa725f00 points into unknown readable memory: 0x000001c1f3857a40 | 40 7a 85 f3 c1 01 00 00
stack at sp + 1 slots: 0x00007ff9886b7d42 ig9icd64.dll
stack at sp + 2 slots: 0x00000000ffffffff is an unallocated location in the heap
stack at sp + 3 slots: 0x0000000000000348 is an unknown value
stack at sp + 4 slots: 0x000001c1fa4cc860 points into unknown readable memory: 0x00007ff988b117a0 | a0 17 b1 88 f9 7f 00 00
stack at sp + 5 slots: 0x000001c1fa75e880 points into unknown readable memory: 0x0000000000000001 | 01 00 00 00 00 00 00 00
stack at sp + 6 slots: 0x000000380000000b is an unknown value
stack at sp + 7 slots: 0x0 is NULL


---------------  P R O C E S S  ---------------

Threads class SMR info:
_java_thread_list=0x000001c1f3bfc6a0, length=13, elements={
0x000001c1d44276f0, 0x000001c1f2402420, 0x000001c1f2402fd0, 0x000001c1f2419040,
0x000001c1f241ae00, 0x000001c1f241b7b0, 0x000001c1f241c160, 0x000001c1f24203f0,
0x000001c1f2428ea0, 0x000001c1f242a7b0, 0x000001c1f3097f50, 0x000001c1f327dde0,
0x000001c1f327e2b0
}

Java Threads: ( => current thread )
=>0x000001c1d44276f0 JavaThread "main" [_thread_in_native, id=24708, stack(0x00000038adc00000,0x00000038add00000)]
  0x000001c1f2402420 JavaThread "Reference Handler" daemon [_thread_blocked, id=23864, stack(0x00000038ae300000,0x00000038ae400000)]
  0x000001c1f2402fd0 JavaThread "Finalizer" daemon [_thread_blocked, id=17136, stack(0x00000038ae400000,0x00000038ae500000)]
  0x000001c1f2419040 JavaThread "Signal Dispatcher" daemon [_thread_blocked, id=6688, stack(0x00000038ae500000,0x00000038ae600000)]
  0x000001c1f241ae00 JavaThread "Attach Listener" daemon [_thread_blocked, id=21336, stack(0x00000038ae600000,0x00000038ae700000)]
  0x000001c1f241b7b0 JavaThread "Service Thread" daemon [_thread_blocked, id=9988, stack(0x00000038ae700000,0x00000038ae800000)]
  0x000001c1f241c160 JavaThread "Monitor Deflation Thread" daemon [_thread_blocked, id=16744, stack(0x00000038ae800000,0x00000038ae900000)]
  0x000001c1f24203f0 JavaThread "C2 CompilerThread0" daemon [_thread_blocked, id=18304, stack(0x00000038ae900000,0x00000038aea00000)]
  0x000001c1f2428ea0 JavaThread "C1 CompilerThread0" daemon [_thread_blocked, id=7968, stack(0x00000038aea00000,0x00000038aeb00000)]
  0x000001c1f242a7b0 JavaThread "Sweeper thread" daemon [_thread_blocked, id=24044, stack(0x00000038aeb00000,0x00000038aec00000)]
  0x000001c1f3097f50 JavaThread "Common-Cleaner" daemon [_thread_blocked, id=23392, stack(0x00000038aec00000,0x00000038aed00000)]
  0x000001c1f327dde0 JavaThread "Monitor Ctrl-Break" daemon [_thread_in_native, id=2144, stack(0x00000038aed00000,0x00000038aee00000)]
  0x000001c1f327e2b0 JavaThread "Notification Thread" daemon [_thread_blocked, id=24668, stack(0x00000038aee00000,0x00000038aef00000)]

Other Threads:
  0x000001c1f23fc980 VMThread "VM Thread" [stack: 0x00000038ae200000,0x00000038ae300000] [id=11288]
  0x000001c1d4480560 WatcherThread [stack: 0x00000038aef00000,0x00000038af000000] [id=25148]
  0x000001c1d4466070 GCTaskThread "GC Thread#0" [stack: 0x00000038add00000,0x00000038ade00000] [id=20136]
  0x000001c1fa64afe0 GCTaskThread "GC Thread#1" [stack: 0x00000038af600000,0x00000038af700000] [id=22932]
  0x000001c1f30b2e50 GCTaskThread "GC Thread#2" [stack: 0x00000038af700000,0x00000038af800000] [id=19280]
  0x000001c1fa4b9420 GCTaskThread "GC Thread#3" [stack: 0x00000038af800000,0x00000038af900000] [id=22280]
  0x000001c1fa6486d0 GCTaskThread "GC Thread#4" [stack: 0x00000038af900000,0x00000038afa00000] [id=22444]
  0x000001c1fa648980 GCTaskThread "GC Thread#5" [stack: 0x00000038afa00000,0x00000038afb00000] [id=2756]
  0x000001c1fa950350 GCTaskThread "GC Thread#6" [stack: 0x00000038afb00000,0x00000038afc00000] [id=1404]
  0x000001c1fa9590b0 GCTaskThread "GC Thread#7" [stack: 0x00000038afc00000,0x00000038afd00000] [id=23428]
  0x000001c1d4476c10 ConcurrentGCThread "G1 Main Marker" [stack: 0x00000038ade00000,0x00000038adf00000] [id=16508]
  0x000001c1d4477dc0 ConcurrentGCThread "G1 Conc#0" [stack: 0x00000038adf00000,0x00000038ae000000] [id=17876]
  0x000001c1d44f5370 ConcurrentGCThread "G1 Refine#0" [stack: 0x00000038ae000000,0x00000038ae100000] [id=4328]
  0x000001c1d44f5c30 ConcurrentGCThread "G1 Service" [stack: 0x00000038ae100000,0x00000038ae200000] [id=11704]

Threads with active compile tasks:

VM state: not at safepoint (normal execution)

VM Mutex/Monitor currently owned by a thread: None

Heap address: 0x0000000082800000, size: 2008 MB, Compressed Oops mode: 32-bit

CDS archive(s) mapped at: [0x0000000800000000-0x0000000800bc0000-0x0000000800bc0000), size 12320768, SharedBaseAddress: 0x0000000800000000, ArchiveRelocationMode: 0.
Compressed class space mapped at: 0x0000000800c00000-0x0000000840c00000, reserved size: 1073741824
Narrow klass base: 0x0000000800000000, Narrow klass shift: 0, Narrow klass range: 0x100000000

GC Precious Log:
 CPUs: 8 total, 8 available
 Memory: 8029M
 Large Page Support: Disabled
 NUMA Support: Disabled
 Compressed Oops: Enabled (32-bit)
 Heap Region Size: 1M
 Heap Min Capacity: 8M
 Heap Initial Capacity: 126M
 Heap Max Capacity: 2008M
 Pre-touch: Disabled
 Parallel Workers: 8
 Concurrent Workers: 2
 Concurrent Refinement Workers: 8
 Periodic GC: Disabled

Heap:
 garbage-first heap   total 129024K, used 11652K [0x0000000082800000, 0x0000000100000000)
  region size 1024K, 6 young (6144K), 3 survivors (3072K)
 Metaspace       used 9121K, committed 9344K, reserved 1064960K
  class space    used 519K, committed 640K, reserved 1048576K

Heap Regions: E=young(eden), S=young(survivor), O=old, HS=humongous(starts), HC=humongous(continues), CS=collection set, F=free, OA=open archive, CA=closed archive, TAMS=top-at-mark-start (previous, next)
|   0|0x0000000082800000, 0x0000000082800000, 0x0000000082900000|  0%| F|  |TAMS 0x0000000082800000, 0x0000000082800000| Untracked 
|   1|0x0000000082900000, 0x0000000082a00000, 0x0000000082a00000|100%|HS|  |TAMS 0x0000000082900000, 0x0000000082900000| Complete 
|   2|0x0000000082a00000, 0x0000000082b00000, 0x0000000082b00000|100%|HC|  |TAMS 0x0000000082a00000, 0x0000000082a00000| Complete 
|   3|0x0000000082b00000, 0x0000000082c00000, 0x0000000082c00000|100%|HC|  |TAMS 0x0000000082b00000, 0x0000000082b00000| Complete 
|   4|0x0000000082c00000, 0x0000000082d00000, 0x0000000082d00000|100%|HS|  |TAMS 0x0000000082c00000, 0x0000000082c00000| Complete 
|   5|0x0000000082d00000, 0x0000000082e00000, 0x0000000082e00000|100%|HC|  |TAMS 0x0000000082d00000, 0x0000000082d00000| Complete 
|   6|0x0000000082e00000, 0x0000000082f00000, 0x0000000082f00000|100%|HC|  |TAMS 0x0000000082e00000, 0x0000000082e00000| Complete 
|   7|0x0000000082f00000, 0x0000000082f61200, 0x0000000083000000| 37%| O|  |TAMS 0x0000000082f00000, 0x0000000082f00000| Untracked 
|   8|0x0000000083000000, 0x0000000083000000, 0x0000000083100000|  0%| F|  |TAMS 0x0000000083000000, 0x0000000083000000| Untracked 
|   9|0x0000000083100000, 0x0000000083100000, 0x0000000083200000|  0%| F|  |TAMS 0x0000000083100000, 0x0000000083100000| Untracked 
|  10|0x0000000083200000, 0x0000000083200000, 0x0000000083300000|  0%| F|  |TAMS 0x0000000083200000, 0x0000000083200000| Untracked 
|  11|0x0000000083300000, 0x0000000083300000, 0x0000000083400000|  0%| F|  |TAMS 0x0000000083300000, 0x0000000083300000| Untracked 
|  12|0x0000000083400000, 0x0000000083400000, 0x0000000083500000|  0%| F|  |TAMS 0x0000000083400000, 0x0000000083400000| Untracked 
|  13|0x0000000083500000, 0x0000000083500000, 0x0000000083600000|  0%| F|  |TAMS 0x0000000083500000, 0x0000000083500000| Untracked 
|  14|0x0000000083600000, 0x0000000083600000, 0x0000000083700000|  0%| F|  |TAMS 0x0000000083600000, 0x0000000083600000| Untracked 
|  15|0x0000000083700000, 0x0000000083700000, 0x0000000083800000|  0%| F|  |TAMS 0x0000000083700000, 0x0000000083700000| Untracked 
|  16|0x0000000083800000, 0x0000000083800000, 0x0000000083900000|  0%| F|  |TAMS 0x0000000083800000, 0x0000000083800000| Untracked 
|  17|0x0000000083900000, 0x0000000083900000, 0x0000000083a00000|  0%| F|  |TAMS 0x0000000083900000, 0x0000000083900000| Untracked 
|  18|0x0000000083a00000, 0x0000000083a00000, 0x0000000083b00000|  0%| F|  |TAMS 0x0000000083a00000, 0x0000000083a00000| Untracked 
|  19|0x0000000083b00000, 0x0000000083b00000, 0x0000000083c00000|  0%| F|  |TAMS 0x0000000083b00000, 0x0000000083b00000| Untracked 
|  20|0x0000000083c00000, 0x0000000083c00000, 0x0000000083d00000|  0%| F|  |TAMS 0x0000000083c00000, 0x0000000083c00000| Untracked 
|  21|0x0000000083d00000, 0x0000000083d00000, 0x0000000083e00000|  0%| F|  |TAMS 0x0000000083d00000, 0x0000000083d00000| Untracked 
|  22|0x0000000083e00000, 0x0000000083e00000, 0x0000000083f00000|  0%| F|  |TAMS 0x0000000083e00000, 0x0000000083e00000| Untracked 
|  23|0x0000000083f00000, 0x0000000083f00000, 0x0000000084000000|  0%| F|  |TAMS 0x0000000083f00000, 0x0000000083f00000| Untracked 
|  24|0x0000000084000000, 0x0000000084000000, 0x0000000084100000|  0%| F|  |TAMS 0x0000000084000000, 0x0000000084000000| Untracked 
|  25|0x0000000084100000, 0x0000000084100000, 0x0000000084200000|  0%| F|  |TAMS 0x0000000084100000, 0x0000000084100000| Untracked 
|  26|0x0000000084200000, 0x0000000084200000, 0x0000000084300000|  0%| F|  |TAMS 0x0000000084200000, 0x0000000084200000| Untracked 
|  27|0x0000000084300000, 0x0000000084300000, 0x0000000084400000|  0%| F|  |TAMS 0x0000000084300000, 0x0000000084300000| Untracked 
|  28|0x0000000084400000, 0x0000000084400000, 0x0000000084500000|  0%| F|  |TAMS 0x0000000084400000, 0x0000000084400000| Untracked 
|  29|0x0000000084500000, 0x0000000084500000, 0x0000000084600000|  0%| F|  |TAMS 0x0000000084500000, 0x0000000084500000| Untracked 
|  30|0x0000000084600000, 0x0000000084600000, 0x0000000084700000|  0%| F|  |TAMS 0x0000000084600000, 0x0000000084600000| Untracked 
|  31|0x0000000084700000, 0x0000000084700000, 0x0000000084800000|  0%| F|  |TAMS 0x0000000084700000, 0x0000000084700000| Untracked 
|  32|0x0000000084800000, 0x0000000084800000, 0x0000000084900000|  0%| F|  |TAMS 0x0000000084800000, 0x0000000084800000| Untracked 
|  33|0x0000000084900000, 0x0000000084900000, 0x0000000084a00000|  0%| F|  |TAMS 0x0000000084900000, 0x0000000084900000| Untracked 
|  34|0x0000000084a00000, 0x0000000084a00000, 0x0000000084b00000|  0%| F|  |TAMS 0x0000000084a00000, 0x0000000084a00000| Untracked 
|  35|0x0000000084b00000, 0x0000000084b00000, 0x0000000084c00000|  0%| F|  |TAMS 0x0000000084b00000, 0x0000000084b00000| Untracked 
|  36|0x0000000084c00000, 0x0000000084c00000, 0x0000000084d00000|  0%| F|  |TAMS 0x0000000084c00000, 0x0000000084c00000| Untracked 
|  37|0x0000000084d00000, 0x0000000084d00000, 0x0000000084e00000|  0%| F|  |TAMS 0x0000000084d00000, 0x0000000084d00000| Untracked 
|  38|0x0000000084e00000, 0x0000000084e00000, 0x0000000084f00000|  0%| F|  |TAMS 0x0000000084e00000, 0x0000000084e00000| Untracked 
|  39|0x0000000084f00000, 0x0000000084f00000, 0x0000000085000000|  0%| F|  |TAMS 0x0000000084f00000, 0x0000000084f00000| Untracked 
|  40|0x0000000085000000, 0x0000000085000000, 0x0000000085100000|  0%| F|  |TAMS 0x0000000085000000, 0x0000000085000000| Untracked 
|  41|0x0000000085100000, 0x0000000085100000, 0x0000000085200000|  0%| F|  |TAMS 0x0000000085100000, 0x0000000085100000| Untracked 
|  42|0x0000000085200000, 0x0000000085200000, 0x0000000085300000|  0%| F|  |TAMS 0x0000000085200000, 0x0000000085200000| Untracked 
|  43|0x0000000085300000, 0x0000000085300000, 0x0000000085400000|  0%| F|  |TAMS 0x0000000085300000, 0x0000000085300000| Untracked 
|  44|0x0000000085400000, 0x0000000085400000, 0x0000000085500000|  0%| F|  |TAMS 0x0000000085400000, 0x0000000085400000| Untracked 
|  45|0x0000000085500000, 0x0000000085500000, 0x0000000085600000|  0%| F|  |TAMS 0x0000000085500000, 0x0000000085500000| Untracked 
|  46|0x0000000085600000, 0x0000000085600000, 0x0000000085700000|  0%| F|  |TAMS 0x0000000085600000, 0x0000000085600000| Untracked 
|  47|0x0000000085700000, 0x0000000085700000, 0x0000000085800000|  0%| F|  |TAMS 0x0000000085700000, 0x0000000085700000| Untracked 
|  48|0x0000000085800000, 0x0000000085800000, 0x0000000085900000|  0%| F|  |TAMS 0x0000000085800000, 0x0000000085800000| Untracked 
|  49|0x0000000085900000, 0x0000000085900000, 0x0000000085a00000|  0%| F|  |TAMS 0x0000000085900000, 0x0000000085900000| Untracked 
|  50|0x0000000085a00000, 0x0000000085a00000, 0x0000000085b00000|  0%| F|  |TAMS 0x0000000085a00000, 0x0000000085a00000| Untracked 
|  51|0x0000000085b00000, 0x0000000085b00000, 0x0000000085c00000|  0%| F|  |TAMS 0x0000000085b00000, 0x0000000085b00000| Untracked 
|  52|0x0000000085c00000, 0x0000000085c00000, 0x0000000085d00000|  0%| F|  |TAMS 0x0000000085c00000, 0x0000000085c00000| Untracked 
|  53|0x0000000085d00000, 0x0000000085d00000, 0x0000000085e00000|  0%| F|  |TAMS 0x0000000085d00000, 0x0000000085d00000| Untracked 
|  54|0x0000000085e00000, 0x0000000085e00000, 0x0000000085f00000|  0%| F|  |TAMS 0x0000000085e00000, 0x0000000085e00000| Untracked 
|  55|0x0000000085f00000, 0x0000000085f00000, 0x0000000086000000|  0%| F|  |TAMS 0x0000000085f00000, 0x0000000085f00000| Untracked 
|  56|0x0000000086000000, 0x0000000086000000, 0x0000000086100000|  0%| F|  |TAMS 0x0000000086000000, 0x0000000086000000| Untracked 
|  57|0x0000000086100000, 0x0000000086100000, 0x0000000086200000|  0%| F|  |TAMS 0x0000000086100000, 0x0000000086100000| Untracked 
|  58|0x0000000086200000, 0x0000000086200000, 0x0000000086300000|  0%| F|  |TAMS 0x0000000086200000, 0x0000000086200000| Untracked 
|  59|0x0000000086300000, 0x0000000086300000, 0x0000000086400000|  0%| F|  |TAMS 0x0000000086300000, 0x0000000086300000| Untracked 
|  60|0x0000000086400000, 0x0000000086400000, 0x0000000086500000|  0%| F|  |TAMS 0x0000000086400000, 0x0000000086400000| Untracked 
|  61|0x0000000086500000, 0x0000000086500000, 0x0000000086600000|  0%| F|  |TAMS 0x0000000086500000, 0x0000000086500000| Untracked 
|  62|0x0000000086600000, 0x0000000086600000, 0x0000000086700000|  0%| F|  |TAMS 0x0000000086600000, 0x0000000086600000| Untracked 
|  63|0x0000000086700000, 0x0000000086700000, 0x0000000086800000|  0%| F|  |TAMS 0x0000000086700000, 0x0000000086700000| Untracked 
|  64|0x0000000086800000, 0x0000000086800000, 0x0000000086900000|  0%| F|  |TAMS 0x0000000086800000, 0x0000000086800000| Untracked 
|  65|0x0000000086900000, 0x0000000086900000, 0x0000000086a00000|  0%| F|  |TAMS 0x0000000086900000, 0x0000000086900000| Untracked 
|  66|0x0000000086a00000, 0x0000000086a00000, 0x0000000086b00000|  0%| F|  |TAMS 0x0000000086a00000, 0x0000000086a00000| Untracked 
|  67|0x0000000086b00000, 0x0000000086b00000, 0x0000000086c00000|  0%| F|  |TAMS 0x0000000086b00000, 0x0000000086b00000| Untracked 
|  68|0x0000000086c00000, 0x0000000086c00000, 0x0000000086d00000|  0%| F|  |TAMS 0x0000000086c00000, 0x0000000086c00000| Untracked 
|  69|0x0000000086d00000, 0x0000000086d00000, 0x0000000086e00000|  0%| F|  |TAMS 0x0000000086d00000, 0x0000000086d00000| Untracked 
|  70|0x0000000086e00000, 0x0000000086e00000, 0x0000000086f00000|  0%| F|  |TAMS 0x0000000086e00000, 0x0000000086e00000| Untracked 
|  71|0x0000000086f00000, 0x0000000086f00000, 0x0000000087000000|  0%| F|  |TAMS 0x0000000086f00000, 0x0000000086f00000| Untracked 
|  72|0x0000000087000000, 0x0000000087000000, 0x0000000087100000|  0%| F|  |TAMS 0x0000000087000000, 0x0000000087000000| Untracked 
|  73|0x0000000087100000, 0x0000000087100000, 0x0000000087200000|  0%| F|  |TAMS 0x0000000087100000, 0x0000000087100000| Untracked 
|  74|0x0000000087200000, 0x0000000087200000, 0x0000000087300000|  0%| F|  |TAMS 0x0000000087200000, 0x0000000087200000| Untracked 
|  75|0x0000000087300000, 0x0000000087300000, 0x0000000087400000|  0%| F|  |TAMS 0x0000000087300000, 0x0000000087300000| Untracked 
|  76|0x0000000087400000, 0x0000000087400000, 0x0000000087500000|  0%| F|  |TAMS 0x0000000087400000, 0x0000000087400000| Untracked 
|  77|0x0000000087500000, 0x0000000087500000, 0x0000000087600000|  0%| F|  |TAMS 0x0000000087500000, 0x0000000087500000| Untracked 
|  78|0x0000000087600000, 0x0000000087600000, 0x0000000087700000|  0%| F|  |TAMS 0x0000000087600000, 0x0000000087600000| Untracked 
|  79|0x0000000087700000, 0x0000000087700000, 0x0000000087800000|  0%| F|  |TAMS 0x0000000087700000, 0x0000000087700000| Untracked 
|  80|0x0000000087800000, 0x0000000087800000, 0x0000000087900000|  0%| F|  |TAMS 0x0000000087800000, 0x0000000087800000| Untracked 
|  81|0x0000000087900000, 0x0000000087900000, 0x0000000087a00000|  0%| F|  |TAMS 0x0000000087900000, 0x0000000087900000| Untracked 
|  82|0x0000000087a00000, 0x0000000087a00000, 0x0000000087b00000|  0%| F|  |TAMS 0x0000000087a00000, 0x0000000087a00000| Untracked 
|  83|0x0000000087b00000, 0x0000000087b00000, 0x0000000087c00000|  0%| F|  |TAMS 0x0000000087b00000, 0x0000000087b00000| Untracked 
|  84|0x0000000087c00000, 0x0000000087c00000, 0x0000000087d00000|  0%| F|  |TAMS 0x0000000087c00000, 0x0000000087c00000| Untracked 
|  85|0x0000000087d00000, 0x0000000087d00000, 0x0000000087e00000|  0%| F|  |TAMS 0x0000000087d00000, 0x0000000087d00000| Untracked 
|  86|0x0000000087e00000, 0x0000000087e00000, 0x0000000087f00000|  0%| F|  |TAMS 0x0000000087e00000, 0x0000000087e00000| Untracked 
|  87|0x0000000087f00000, 0x0000000087f00000, 0x0000000088000000|  0%| F|  |TAMS 0x0000000087f00000, 0x0000000087f00000| Untracked 
|  88|0x0000000088000000, 0x0000000088000000, 0x0000000088100000|  0%| F|  |TAMS 0x0000000088000000, 0x0000000088000000| Untracked 
|  89|0x0000000088100000, 0x0000000088100000, 0x0000000088200000|  0%| F|  |TAMS 0x0000000088100000, 0x0000000088100000| Untracked 
|  90|0x0000000088200000, 0x0000000088200000, 0x0000000088300000|  0%| F|  |TAMS 0x0000000088200000, 0x0000000088200000| Untracked 
|  91|0x0000000088300000, 0x0000000088300000, 0x0000000088400000|  0%| F|  |TAMS 0x0000000088300000, 0x0000000088300000| Untracked 
|  92|0x0000000088400000, 0x0000000088400000, 0x0000000088500000|  0%| F|  |TAMS 0x0000000088400000, 0x0000000088400000| Untracked 
|  93|0x0000000088500000, 0x0000000088500000, 0x0000000088600000|  0%| F|  |TAMS 0x0000000088500000, 0x0000000088500000| Untracked 
|  94|0x0000000088600000, 0x0000000088600000, 0x0000000088700000|  0%| F|  |TAMS 0x0000000088600000, 0x0000000088600000| Untracked 
|  95|0x0000000088700000, 0x0000000088700000, 0x0000000088800000|  0%| F|  |TAMS 0x0000000088700000, 0x0000000088700000| Untracked 
|  96|0x0000000088800000, 0x0000000088800000, 0x0000000088900000|  0%| F|  |TAMS 0x0000000088800000, 0x0000000088800000| Untracked 
|  97|0x0000000088900000, 0x0000000088900000, 0x0000000088a00000|  0%| F|  |TAMS 0x0000000088900000, 0x0000000088900000| Untracked 
|  98|0x0000000088a00000, 0x0000000088a00000, 0x0000000088b00000|  0%| F|  |TAMS 0x0000000088a00000, 0x0000000088a00000| Untracked 
|  99|0x0000000088b00000, 0x0000000088b00000, 0x0000000088c00000|  0%| F|  |TAMS 0x0000000088b00000, 0x0000000088b00000| Untracked 
| 100|0x0000000088c00000, 0x0000000088d00000, 0x0000000088d00000|100%| S|CS|TAMS 0x0000000088c00000, 0x0000000088c00000| Complete 
| 101|0x0000000088d00000, 0x0000000088e00000, 0x0000000088e00000|100%| S|CS|TAMS 0x0000000088d00000, 0x0000000088d00000| Complete 
| 102|0x0000000088e00000, 0x0000000088f00000, 0x0000000088f00000|100%| S|CS|TAMS 0x0000000088e00000, 0x0000000088e00000| Complete 
| 103|0x0000000088f00000, 0x0000000088f00000, 0x0000000089000000|  0%| F|  |TAMS 0x0000000088f00000, 0x0000000088f00000| Untracked 
| 104|0x0000000089000000, 0x0000000089000000, 0x0000000089100000|  0%| F|  |TAMS 0x0000000089000000, 0x0000000089000000| Untracked 
| 105|0x0000000089100000, 0x0000000089100000, 0x0000000089200000|  0%| F|  |TAMS 0x0000000089100000, 0x0000000089100000| Untracked 
| 106|0x0000000089200000, 0x0000000089200000, 0x0000000089300000|  0%| F|  |TAMS 0x0000000089200000, 0x0000000089200000| Untracked 
| 107|0x0000000089300000, 0x0000000089300000, 0x0000000089400000|  0%| F|  |TAMS 0x0000000089300000, 0x0000000089300000| Untracked 
| 108|0x0000000089400000, 0x0000000089400000, 0x0000000089500000|  0%| F|  |TAMS 0x0000000089400000, 0x0000000089400000| Untracked 
| 109|0x0000000089500000, 0x0000000089500000, 0x0000000089600000|  0%| F|  |TAMS 0x0000000089500000, 0x0000000089500000| Untracked 
| 110|0x0000000089600000, 0x0000000089600000, 0x0000000089700000|  0%| F|  |TAMS 0x0000000089600000, 0x0000000089600000| Untracked 
| 111|0x0000000089700000, 0x0000000089700000, 0x0000000089800000|  0%| F|  |TAMS 0x0000000089700000, 0x0000000089700000| Untracked 
| 112|0x0000000089800000, 0x0000000089800000, 0x0000000089900000|  0%| F|  |TAMS 0x0000000089800000, 0x0000000089800000| Untracked 
| 113|0x0000000089900000, 0x0000000089900000, 0x0000000089a00000|  0%| F|  |TAMS 0x0000000089900000, 0x0000000089900000| Untracked 
| 114|0x0000000089a00000, 0x0000000089a00000, 0x0000000089b00000|  0%| F|  |TAMS 0x0000000089a00000, 0x0000000089a00000| Untracked 
| 115|0x0000000089b00000, 0x0000000089b00000, 0x0000000089c00000|  0%| F|  |TAMS 0x0000000089b00000, 0x0000000089b00000| Untracked 
| 116|0x0000000089c00000, 0x0000000089c00000, 0x0000000089d00000|  0%| F|  |TAMS 0x0000000089c00000, 0x0000000089c00000| Untracked 
| 117|0x0000000089d00000, 0x0000000089d00000, 0x0000000089e00000|  0%| F|  |TAMS 0x0000000089d00000, 0x0000000089d00000| Untracked 
| 118|0x0000000089e00000, 0x0000000089e00000, 0x0000000089f00000|  0%| F|  |TAMS 0x0000000089e00000, 0x0000000089e00000| Untracked 
| 119|0x0000000089f00000, 0x0000000089f00000, 0x000000008a000000|  0%| F|  |TAMS 0x0000000089f00000, 0x0000000089f00000| Untracked 
| 120|0x000000008a000000, 0x000000008a000000, 0x000000008a100000|  0%| F|  |TAMS 0x000000008a000000, 0x000000008a000000| Untracked 
| 121|0x000000008a100000, 0x000000008a100000, 0x000000008a200000|  0%| F|  |TAMS 0x000000008a100000, 0x000000008a100000| Untracked 
| 122|0x000000008a200000, 0x000000008a200000, 0x000000008a300000|  0%| F|  |TAMS 0x000000008a200000, 0x000000008a200000| Untracked 
| 123|0x000000008a300000, 0x000000008a400000, 0x000000008a400000|100%| E|  |TAMS 0x000000008a300000, 0x000000008a300000| Complete 
| 124|0x000000008a400000, 0x000000008a500000, 0x000000008a500000|100%| E|CS|TAMS 0x000000008a400000, 0x000000008a400000| Complete 
| 125|0x000000008a500000, 0x000000008a600000, 0x000000008a600000|100%| E|CS|TAMS 0x000000008a500000, 0x000000008a500000| Complete 

Card table byte_map: [0x000001c1eb390000,0x000001c1eb780000] _byte_map_base: 0x000001c1eaf7c000

Marking Bits (Prev, Next): (CMBitMap*) 0x000001c1d4466680, (CMBitMap*) 0x000001c1d44666c0
 Prev Bits: [0x000001c1ebb70000, 0x000001c1edad0000)
 Next Bits: [0x000001c1edad0000, 0x000001c1efa30000)

Polling page: 0x000001c1d3c00000

Metaspace:

Usage:
  Non-class:      8.40 MB used.
      Class:    519.48 KB used.
       Both:      8.91 MB used.

Virtual space:
  Non-class space:       16.00 MB reserved,       8.50 MB ( 53%) committed,  2 nodes.
      Class space:        1.00 GB reserved,     640.00 KB ( <1%) committed,  1 nodes.
             Both:        1.02 GB reserved,       9.12 MB ( <1%) committed. 

Chunk freelists:
   Non-Class:  1.53 MB
       Class:  3.36 MB
        Both:  4.89 MB

MaxMetaspaceSize: unlimited
CompressedClassSpaceSize: 1.00 GB
Initial GC threshold: 21.00 MB
Current GC threshold: 21.00 MB
CDS: on
MetaspaceReclaimPolicy: balanced
 - commit_granule_bytes: 65536.
 - commit_granule_words: 8192.
 - virtual_space_node_default_size: 1048576.
 - enlarge_chunks_in_place: 1.
 - new_chunks_are_fully_committed: 0.
 - uncommit_free_chunks: 1.
 - use_allocation_guard: 0.
 - handle_deallocations: 1.


Internal statistics:

num_allocs_failed_limit: 0.
num_arena_births: 116.
num_arena_deaths: 0.
num_vsnodes_births: 3.
num_vsnodes_deaths: 0.
num_space_committed: 144.
num_space_uncommitted: 0.
num_chunks_returned_to_freelist: 0.
num_chunks_taken_from_freelist: 373.
num_chunk_merges: 0.
num_chunk_splits: 286.
num_chunks_enlarged: 234.
num_purges: 0.
num_inconsistent_stats: 0.

CodeHeap 'non-profiled nmethods': size=120000Kb used=402Kb max_used=402Kb free=119597Kb
 bounds [0x000001c1e3740000, 0x000001c1e39b0000, 0x000001c1eac70000]
CodeHeap 'profiled nmethods': size=120000Kb used=1981Kb max_used=1981Kb free=118018Kb
 bounds [0x000001c1dc210000, 0x000001c1dc480000, 0x000001c1e3740000]
CodeHeap 'non-nmethods': size=5760Kb used=1769Kb max_used=1784Kb free=3990Kb
 bounds [0x000001c1dbc70000, 0x000001c1dbee0000, 0x000001c1dc210000]
 total_blobs=2466 nmethods=1213 adapters=1166
 compilation: enabled
              stopped_count=0, restarted_count=0
 full_count=0

Compilation events (20 events):
Event: 5.770 Thread 0x000001c1f2428ea0 1205       3       java.nio.FloatBuffer::limit (8 bytes)
Event: 5.770 Thread 0x000001c1f2428ea0 nmethod 1205 0x000001c1dc3fa710 code [0x000001c1dc3fa8a0, 0x000001c1dc3fa9e8]
Event: 5.770 Thread 0x000001c1f2428ea0 1206       3       java.nio.FloatBuffer::position (6 bytes)
Event: 5.770 Thread 0x000001c1f2428ea0 nmethod 1206 0x000001c1dc3faa90 code [0x000001c1dc3fac40, 0x000001c1dc3fade8]
Event: 5.770 Thread 0x000001c1f2428ea0 1207       3       java.nio.FloatBuffer::position (8 bytes)
Event: 5.770 Thread 0x000001c1f2428ea0 nmethod 1207 0x000001c1dc3fae90 code [0x000001c1dc3fb020, 0x000001c1dc3fb168]
Event: 5.772 Thread 0x000001c1f2428ea0 1208       3       com.paperclip.engine.graphics.Shader::bind (8 bytes)
Event: 5.772 Thread 0x000001c1f2428ea0 nmethod 1208 0x000001c1dc3fb210 code [0x000001c1dc3fb3c0, 0x000001c1dc3fb548]
Event: 5.772 Thread 0x000001c1f2428ea0 1209       3       org.lwjgl.opengl.GL11::glDrawElements (8 bytes)
Event: 5.772 Thread 0x000001c1f2428ea0 nmethod 1209 0x000001c1dc3fb610 code [0x000001c1dc3fb7a0, 0x000001c1dc3fb8a8]
Event: 5.772 Thread 0x000001c1f2428ea0 1210       3       org.lwjgl.opengl.GL11C::glDrawElements (8 bytes)
Event: 5.772 Thread 0x000001c1f2428ea0 nmethod 1210 0x000001c1dc3fb990 code [0x000001c1dc3fbb20, 0x000001c1dc3fbc28]
Event: 5.773 Thread 0x000001c1f2428ea0 1211       3       org.lwjgl.glfw.GLFW::glfwWindowShouldClose (29 bytes)
Event: 5.773 Thread 0x000001c1f2428ea0 nmethod 1211 0x000001c1dc3fbd10 code [0x000001c1dc3fbee0, 0x000001c1dc3fc1d8]
Event: 5.773 Thread 0x000001c1f2428ea0 1213       3       com.paperclip.engine.application.Display::update (163 bytes)
Event: 5.775 Thread 0x000001c1f2428ea0 nmethod 1213 0x000001c1dc3fc310 code [0x000001c1dc3fc7a0, 0x000001c1dc3fe1d8]
Event: 5.775 Thread 0x000001c1f2428ea0 1214       3       org.lwjgl.opengl.GL11::glClearColor (8 bytes)
Event: 5.775 Thread 0x000001c1f2428ea0 nmethod 1214 0x000001c1dc3feb90 code [0x000001c1dc3fed20, 0x000001c1dc3fee28]
Event: 5.784 Thread 0x000001c1f2428ea0 1215       3       java.lang.ThreadLocal::set (30 bytes)
Event: 5.785 Thread 0x000001c1f2428ea0 nmethod 1215 0x000001c1dc3fef10 code [0x000001c1dc3ff0e0, 0x000001c1dc3ff478]

GC Heap History (2 events):
Event: 1.578 GC heap before
{Heap before GC invocations=0 (full 0):
 garbage-first heap   total 129024K, used 29696K [0x0000000082800000, 0x0000000100000000)
  region size 1024K, 23 young (23552K), 0 survivors (0K)
 Metaspace       used 7565K, committed 7808K, reserved 1064960K
  class space    used 468K, committed 576K, reserved 1048576K
}
Event: 1.588 GC heap after
{Heap after GC invocations=1 (full 0):
 garbage-first heap   total 129024K, used 9604K [0x0000000082800000, 0x0000000100000000)
  region size 1024K, 3 young (3072K), 3 survivors (3072K)
 Metaspace       used 7565K, committed 7808K, reserved 1064960K
  class space    used 468K, committed 576K, reserved 1048576K
}

Deoptimization events (20 events):
Event: 0.331 Thread 0x000001c1d44276f0 DEOPT PACKING pc=0x000001c1e376275c sp=0x00000038adcfae00
Event: 0.331 Thread 0x000001c1d44276f0 DEOPT UNPACKING pc=0x000001c1dbcc23a3 sp=0x00000038adcfad60 mode 2
Event: 0.335 Thread 0x000001c1d44276f0 DEOPT PACKING pc=0x000001c1dc259ee5 sp=0x00000038adcfa3f0
Event: 0.335 Thread 0x000001c1d44276f0 DEOPT UNPACKING pc=0x000001c1dbcc2b43 sp=0x00000038adcf9840 mode 0
Event: 0.351 Thread 0x000001c1d44276f0 Uncommon trap: trap_request=0xffffff45 fr.pc=0x000001c1e3751064 relative=0x0000000000000064
Event: 0.351 Thread 0x000001c1d44276f0 Uncommon trap: reason=unstable_if action=reinterpret pc=0x000001c1e3751064 method=java.io.WinNTFileSystem.isSlash(C)Z @ 9 c2
Event: 0.351 Thread 0x000001c1d44276f0 DEOPT PACKING pc=0x000001c1e3751064 sp=0x00000038adcfb590
Event: 0.351 Thread 0x000001c1d44276f0 DEOPT UNPACKING pc=0x000001c1dbcc23a3 sp=0x00000038adcfb518 mode 2
Event: 0.595 Thread 0x000001c1d44276f0 Uncommon trap: trap_request=0xffffff54 fr.pc=0x000001c1e3776ee0 relative=0x0000000000000060
Event: 0.595 Thread 0x000001c1d44276f0 Uncommon trap: reason=speculate_null_assert action=make_not_entrant pc=0x000001c1e3776ee0 method=sun.misc.Unsafe.putLong(Ljava/lang/Object;JJ)V @ 7 c2
Event: 0.595 Thread 0x000001c1d44276f0 DEOPT PACKING pc=0x000001c1e3776ee0 sp=0x00000038adcfebb0
Event: 0.595 Thread 0x000001c1d44276f0 DEOPT UNPACKING pc=0x000001c1dbcc23a3 sp=0x00000038adcfeb28 mode 2
Event: 0.715 Thread 0x000001c1d44276f0 DEOPT PACKING pc=0x000001c1dc2471fe sp=0x00000038adcfa760
Event: 0.716 Thread 0x000001c1d44276f0 DEOPT UNPACKING pc=0x000001c1dbcc2b43 sp=0x00000038adcf9bd0 mode 0
Event: 1.079 Thread 0x000001c1d44276f0 Uncommon trap: trap_request=0xffffff54 fr.pc=0x000001c1e37794dc relative=0x000000000000005c
Event: 1.079 Thread 0x000001c1d44276f0 Uncommon trap: reason=speculate_null_assert action=make_not_entrant pc=0x000001c1e37794dc method=sun.misc.Unsafe.getLong(Ljava/lang/Object;J)J @ 5 c2
Event: 1.079 Thread 0x000001c1d44276f0 DEOPT PACKING pc=0x000001c1e37794dc sp=0x00000038adcfec30
Event: 1.079 Thread 0x000001c1d44276f0 DEOPT UNPACKING pc=0x000001c1dbcc23a3 sp=0x00000038adcfebb8 mode 2
Event: 2.919 Thread 0x000001c1d44276f0 DEOPT PACKING pc=0x000001c1dc3ceb31 sp=0x00000038adcfef20
Event: 2.919 Thread 0x000001c1d44276f0 DEOPT UNPACKING pc=0x000001c1dbcc2b43 sp=0x00000038adcfe400 mode 0

Classes unloaded (0 events):
No events

Classes redefined (0 events):
No events

Internal exceptions (20 events):
Event: 0.320 Thread 0x000001c1d44276f0 Exception <a 'java/lang/NoSuchMethodError'{0x0000000089f03188}: 'void java.lang.invoke.DelegatingMethodHandle$Holder.delegate(java.lang.Object, java.lang.Object, int, java.lang.Object)'> (0x0000000089f03188) 
thrown [t:\workspace\open\src\hotspot\share\interpreter\linkResolver.cpp, line 766]
Event: 0.321 Thread 0x000001c1d44276f0 Exception <a 'java/lang/NoSuchMethodError'{0x0000000089f071c0}: 'int java.lang.invoke.DirectMethodHandle$Holder.invokeSpecial(java.lang.Object, java.lang.Object, java.lang.Object)'> (0x0000000089f071c0) 
thrown [t:\workspace\open\src\hotspot\share\interpreter\linkResolver.cpp, line 766]
Event: 0.357 Thread 0x000001c1d44276f0 Exception <a 'sun/nio/fs/WindowsException'{0x0000000089f873e8}> (0x0000000089f873e8) 
thrown [t:\workspace\open\src\hotspot\share\prims\jni.cpp, line 516]
Event: 0.357 Thread 0x000001c1d44276f0 Exception <a 'sun/nio/fs/WindowsException'{0x0000000089f87938}> (0x0000000089f87938) 
thrown [t:\workspace\open\src\hotspot\share\prims\jni.cpp, line 516]
Event: 0.368 Thread 0x000001c1d44276f0 Exception <a 'java/lang/NoSuchMethodError'{0x0000000089fbdb90}: 'int java.lang.invoke.DirectMethodHandle$Holder.invokeStaticInit(java.lang.Object, java.lang.Object, int, long)'> (0x0000000089fbdb90) 
thrown [t:\workspace\open\src\hotspot\share\interpreter\linkResolver.cpp, line 766]
Event: 0.369 Thread 0x000001c1d44276f0 Exception <a 'java/lang/NoSuchMethodError'{0x0000000089fc3458}: 'java.lang.Object java.lang.invoke.DirectMethodHandle$Holder.newInvokeSpecial(java.lang.Object, java.lang.Object, int)'> (0x0000000089fc3458) 
thrown [t:\workspace\open\src\hotspot\share\interpreter\linkResolver.cpp, line 766]
Event: 0.371 Thread 0x000001c1d44276f0 Exception <a 'java/lang/NoSuchMethodError'{0x0000000089fd4530}: 'int java.lang.invoke.DirectMethodHandle$Holder.invokeStaticInit(java.lang.Object, java.lang.Object, long, long)'> (0x0000000089fd4530) 
thrown [t:\workspace\open\src\hotspot\share\interpreter\linkResolver.cpp, line 766]
Event: 0.372 Thread 0x000001c1d44276f0 Exception <a 'java/lang/NoSuchMethodError'{0x0000000089fda2b8}: 'java.lang.Object java.lang.invoke.DirectMethodHandle$Holder.newInvokeSpecial(java.lang.Object, java.lang.Object, long)'> (0x0000000089fda2b8) 
thrown [t:\workspace\open\src\hotspot\share\interpreter\linkResolver.cpp, line 766]
Event: 0.372 Thread 0x000001c1d44276f0 Exception <a 'java/lang/NoSuchMethodError'{0x0000000089fdde28}: 'java.lang.Object java.lang.invoke.Invokers$Holder.linkToTargetMethod(java.lang.Object, long, java.lang.Object)'> (0x0000000089fdde28) 
thrown [t:\workspace\open\src\hotspot\share\interpreter\linkResolver.cpp, line 766]
Event: 0.373 Thread 0x000001c1d44276f0 Exception <a 'java/lang/NoSuchMethodError'{0x0000000089fe5528}: 'int java.lang.invoke.DirectMethodHandle$Holder.invokeStaticInit(java.lang.Object, java.lang.Object, java.lang.Object, long)'> (0x0000000089fe5528) 
thrown [t:\workspace\open\src\hotspot\share\interpreter\linkResolver.cpp, line 766]
Event: 0.399 Thread 0x000001c1d44276f0 Exception <a 'sun/nio/fs/WindowsException'{0x0000000089eb7d60}> (0x0000000089eb7d60) 
thrown [t:\workspace\open\src\hotspot\share\prims\jni.cpp, line 516]
Event: 0.399 Thread 0x000001c1d44276f0 Exception <a 'sun/nio/fs/WindowsException'{0x0000000089eb80c0}> (0x0000000089eb80c0) 
thrown [t:\workspace\open\src\hotspot\share\prims\jni.cpp, line 516]
Event: 0.583 Thread 0x000001c1d44276f0 Exception <a 'sun/nio/fs/WindowsException'{0x0000000089d65a18}> (0x0000000089d65a18) 
thrown [t:\workspace\open\src\hotspot\share\prims\jni.cpp, line 516]
Event: 0.583 Thread 0x000001c1d44276f0 Exception <a 'sun/nio/fs/WindowsException'{0x0000000089d65dc0}> (0x0000000089d65dc0) 
thrown [t:\workspace\open\src\hotspot\share\prims\jni.cpp, line 516]
Event: 0.590 Thread 0x000001c1d44276f0 Exception <a 'sun/nio/fs/WindowsException'{0x0000000089d70420}> (0x0000000089d70420) 
thrown [t:\workspace\open\src\hotspot\share\prims\jni.cpp, line 516]
Event: 0.590 Thread 0x000001c1d44276f0 Exception <a 'sun/nio/fs/WindowsException'{0x0000000089d70700}> (0x0000000089d70700) 
thrown [t:\workspace\open\src\hotspot\share\prims\jni.cpp, line 516]
Event: 1.213 Thread 0x000001c1d44276f0 Exception <a 'sun/nio/fs/WindowsException'{0x0000000089050098}> (0x0000000089050098) 
thrown [t:\workspace\open\src\hotspot\share\prims\jni.cpp, line 516]
Event: 1.476 Thread 0x000001c1d44276f0 Exception <a 'java/lang/NoSuchMethodError'{0x0000000088f29308}: 'void java.lang.invoke.DirectMethodHandle$Holder.invokeVirtual(java.lang.Object, java.lang.Object, long, int, int, int)'> (0x0000000088f29308) 
thrown [t:\workspace\open\src\hotspot\share\interpreter\linkResolver.cpp, line 766]
Event: 1.478 Thread 0x000001c1d44276f0 Exception <a 'java/lang/NoSuchMethodError'{0x0000000088f2ee10}: 'void java.lang.invoke.DirectMethodHandle$Holder.invokeVirtual(java.lang.Object, java.lang.Object, long, double, double)'> (0x0000000088f2ee10) 
thrown [t:\workspace\open\src\hotspot\share\interpreter\linkResolver.cpp, line 766]
Event: 1.479 Thread 0x000001c1d44276f0 Exception <a 'java/lang/NoSuchMethodError'{0x0000000088f349a8}: 'void java.lang.invoke.DirectMethodHandle$Holder.invokeVirtual(java.lang.Object, java.lang.Object, long, int, int, int, int)'> (0x0000000088f349a8) 
thrown [t:\workspace\open\src\hotspot\share\interpreter\linkResolver.cpp, line 766]

VM Operations (18 events):
Event: 0.226 Executing VM operation: HandshakeAllThreads
Event: 0.226 Executing VM operation: HandshakeAllThreads done
Event: 0.350 Executing VM operation: HandshakeAllThreads
Event: 0.350 Executing VM operation: HandshakeAllThreads done
Event: 0.905 Executing VM operation: HandshakeAllThreads
Event: 0.905 Executing VM operation: HandshakeAllThreads done
Event: 1.115 Executing VM operation: HandshakeAllThreads
Event: 1.115 Executing VM operation: HandshakeAllThreads done
Event: 1.115 Executing VM operation: Cleanup
Event: 1.115 Executing VM operation: Cleanup done
Event: 1.578 Executing VM operation: G1CollectForAllocation
Event: 1.588 Executing VM operation: G1CollectForAllocation done
Event: 2.595 Executing VM operation: Cleanup
Event: 2.595 Executing VM operation: Cleanup done
Event: 3.610 Executing VM operation: Cleanup
Event: 3.610 Executing VM operation: Cleanup done
Event: 4.621 Executing VM operation: Cleanup
Event: 4.621 Executing VM operation: Cleanup done

Events (20 events):
Event: 1.124 loading class sun/util/resources/cldr/TimeZoneNames_en done
Event: 1.125 loading class sun/util/resources/cldr/TimeZoneNames_en_US
Event: 1.125 loading class sun/util/resources/cldr/TimeZoneNames_en_US done
Event: 1.126 loading class java/util/LinkedHashMap$LinkedKeySet
Event: 1.127 loading class java/util/LinkedHashMap$LinkedKeySet done
Event: 1.157 Thread 0x000001c1fa613e30 Thread added: 0x000001c1fa613e30
Event: 1.207 loading class java/io/UncheckedIOException
Event: 1.207 loading class java/io/UncheckedIOException done
Event: 1.212 loading class java/nio/file/StandardCopyOption
Event: 1.212 loading class java/nio/file/StandardCopyOption done
Event: 1.309 loading class java/io/DeleteOnExitHook
Event: 1.309 loading class java/io/DeleteOnExitHook done
Event: 1.309 loading class java/io/DeleteOnExitHook$1
Event: 1.309 loading class java/io/DeleteOnExitHook$1 done
Event: 1.423 Loaded shared library C:\Users\nickf\AppData\Local\Temp\imgui-java-natives_1672074960581\imgui-java64.dll
Event: 1.430 Thread 0x000001c1fa613e30 Thread exited: 0x000001c1fa613e30
Event: 1.608 loading class java/lang/SecurityException
Event: 1.608 loading class java/lang/SecurityException done
Event: 1.874 loading class java/util/ComparableTimSort
Event: 1.874 loading class java/util/ComparableTimSort done


Dynamic libraries:
0x00007ff79db20000 - 0x00007ff79db2e000 	C:\Users\nickf\.jdks\openjdk-17.0.2\bin\java.exe
0x00007ff9fcb20000 - 0x00007ff9fcd29000 	C:\WINDOWS\SYSTEM32\ntdll.dll
0x00007ff9facf0000 - 0x00007ff9fadae000 	C:\WINDOWS\System32\KERNEL32.DLL
0x00007ff9f9ff0000 - 0x00007ff9fa36b000 	C:\WINDOWS\System32\KERNELBASE.dll
0x00007ff9fa410000 - 0x00007ff9fa521000 	C:\WINDOWS\System32\ucrtbase.dll
0x00007ff9dd630000 - 0x00007ff9dd648000 	C:\Users\nickf\.jdks\openjdk-17.0.2\bin\jli.dll
0x00007ff9dd8a0000 - 0x00007ff9dd8ba000 	C:\Users\nickf\.jdks\openjdk-17.0.2\bin\VCRUNTIME140.dll
0x00007ff9fc1e0000 - 0x00007ff9fc38d000 	C:\WINDOWS\System32\USER32.dll
0x00007ff9fa780000 - 0x00007ff9fa7a6000 	C:\WINDOWS\System32\win32u.dll
0x00007ff9fbcd0000 - 0x00007ff9fbcf9000 	C:\WINDOWS\System32\GDI32.dll
0x00007ff9db1f0000 - 0x00007ff9db495000 	C:\WINDOWS\WinSxS\amd64_microsoft.windows.common-controls_6595b64144ccf1df_6.0.22000.120_none_9d947278b86cc467\COMCTL32.dll
0x00007ff9fa660000 - 0x00007ff9fa778000 	C:\WINDOWS\System32\gdi32full.dll
0x00007ff9fadb0000 - 0x00007ff9fae53000 	C:\WINDOWS\System32\msvcrt.dll
0x00007ff9fa370000 - 0x00007ff9fa40d000 	C:\WINDOWS\System32\msvcp_win.dll
0x00007ff9fae60000 - 0x00007ff9fae92000 	C:\WINDOWS\System32\IMM32.DLL
0x00007ff9f4ec0000 - 0x00007ff9f4ecc000 	C:\Users\nickf\.jdks\openjdk-17.0.2\bin\vcruntime140_1.dll
0x00007ff9dd4f0000 - 0x00007ff9dd57d000 	C:\Users\nickf\.jdks\openjdk-17.0.2\bin\msvcp140.dll
0x00007ff992920000 - 0x00007ff9934e1000 	C:\Users\nickf\.jdks\openjdk-17.0.2\bin\server\jvm.dll
0x00007ff9fbc10000 - 0x00007ff9fbcbe000 	C:\WINDOWS\System32\ADVAPI32.dll
0x00007ff9fbb60000 - 0x00007ff9fbbfe000 	C:\WINDOWS\System32\sechost.dll
0x00007ff9fab60000 - 0x00007ff9fac80000 	C:\WINDOWS\System32\RPCRT4.dll
0x00007ff9faf00000 - 0x00007ff9faf08000 	C:\WINDOWS\System32\PSAPI.DLL
0x00007ff9f4ce0000 - 0x00007ff9f4d13000 	C:\WINDOWS\SYSTEM32\WINMM.dll
0x00007ff9f3ca0000 - 0x00007ff9f3caa000 	C:\WINDOWS\SYSTEM32\VERSION.dll
0x00007ff9db890000 - 0x00007ff9db899000 	C:\WINDOWS\SYSTEM32\WSOCK32.dll
0x00007ff9fbd60000 - 0x00007ff9fbdcf000 	C:\WINDOWS\System32\WS2_32.dll
0x00007ff9f9160000 - 0x00007ff9f9178000 	C:\WINDOWS\SYSTEM32\kernel.appcore.dll
0x00007ff9f3e10000 - 0x00007ff9f3e1a000 	C:\Users\nickf\.jdks\openjdk-17.0.2\bin\jimage.dll
0x00007ff9f7af0000 - 0x00007ff9f7d11000 	C:\WINDOWS\SYSTEM32\DBGHELP.DLL
0x00007ff9ecab0000 - 0x00007ff9ecae1000 	C:\WINDOWS\SYSTEM32\dbgcore.DLL
0x00007ff9fa920000 - 0x00007ff9fa99f000 	C:\WINDOWS\System32\bcryptPrimitives.dll
0x00007ff9dd140000 - 0x00007ff9dd14e000 	C:\Users\nickf\.jdks\openjdk-17.0.2\bin\instrument.dll
0x00007ff9dd4c0000 - 0x00007ff9dd4e5000 	C:\Users\nickf\.jdks\openjdk-17.0.2\bin\java.dll
0x00007ff9dd300000 - 0x00007ff9dd3d6000 	C:\Users\nickf\.jdks\openjdk-17.0.2\bin\jsvml.dll
0x00007ff9faf30000 - 0x00007ff9fb6e7000 	C:\WINDOWS\System32\SHELL32.dll
0x00007ff9f80e0000 - 0x00007ff9f8945000 	C:\WINDOWS\SYSTEM32\windows.storage.dll
0x00007ff9fbe60000 - 0x00007ff9fc1d8000 	C:\WINDOWS\System32\combase.dll
0x00007ff9f7f70000 - 0x00007ff9f80d6000 	C:\WINDOWS\SYSTEM32\wintypes.dll
0x00007ff9fc6a0000 - 0x00007ff9fc78a000 	C:\WINDOWS\System32\SHCORE.dll
0x00007ff9fc790000 - 0x00007ff9fc7ed000 	C:\WINDOWS\System32\shlwapi.dll
0x00007ff9f9f20000 - 0x00007ff9f9f41000 	C:\WINDOWS\SYSTEM32\profapi.dll
0x00007ff9dd460000 - 0x00007ff9dd478000 	C:\Users\nickf\.jdks\openjdk-17.0.2\bin\zip.dll
0x00007ff9dd4a0000 - 0x00007ff9dd4b9000 	C:\Users\nickf\.jdks\openjdk-17.0.2\bin\net.dll
0x00007ff9f3cf0000 - 0x00007ff9f3e04000 	C:\WINDOWS\SYSTEM32\WINHTTP.dll
0x00007ff9f9600000 - 0x00007ff9f9667000 	C:\WINDOWS\system32\mswsock.dll
0x00007ff9dd480000 - 0x00007ff9dd496000 	C:\Users\nickf\.jdks\openjdk-17.0.2\bin\nio.dll
0x00007ff9dd120000 - 0x00007ff9dd13a000 	C:\Program Files\JetBrains\IntelliJ IDEA Community Edition 2021.3\bin\breakgen64.dll
0x00007ff9c7490000 - 0x00007ff9c761e000 	C:\Users\nickf\.jdks\openjdk-17.0.2\bin\awt.dll
0x00007ff9fc540000 - 0x00007ff9fc616000 	C:\WINDOWS\System32\OLEAUT32.dll
0x00007ff9f7290000 - 0x00007ff9f7322000 	C:\WINDOWS\SYSTEM32\apphelp.dll
0x00007ff9d9d30000 - 0x00007ff9d9da5000 	C:\Users\nickf\AppData\Local\Temp\lwjglnickf\3.3.1-build-7\lwjgl.dll
0x00007ff9d7660000 - 0x00007ff9d76c1000 	C:\Users\nickf\AppData\Local\Temp\lwjglnickf\3.3.1-build-7\glfw.dll
0x00007ff9db760000 - 0x00007ff9db7a5000 	C:\WINDOWS\SYSTEM32\dinput8.dll
0x00007ff9db6b0000 - 0x00007ff9db6c1000 	C:\WINDOWS\SYSTEM32\xinput1_4.dll
0x00007ff9f9b60000 - 0x00007ff9f9bac000 	C:\WINDOWS\SYSTEM32\cfgmgr32.dll
0x00007ff9f9b30000 - 0x00007ff9f9b5c000 	C:\WINDOWS\SYSTEM32\DEVOBJ.dll
0x00007ff9f7690000 - 0x00007ff9f76bf000 	C:\WINDOWS\SYSTEM32\dwmapi.dll
0x00007ff9e0f20000 - 0x00007ff9e10e9000 	C:\WINDOWS\SYSTEM32\inputhost.dll
0x00007ff9f6fa0000 - 0x00007ff9f70d1000 	C:\WINDOWS\SYSTEM32\CoreMessaging.dll
0x00007ff9f7350000 - 0x00007ff9f73fc000 	C:\WINDOWS\system32\uxtheme.dll
0x00007ff9ae970000 - 0x00007ff9aea49000 	c:\Program Files\HP\HP ProtectTools Security Manager\Bin\DpoFeedb.dll
0x00007ff9f96f0000 - 0x00007ff9f9719000 	C:\WINDOWS\SYSTEM32\USERENV.dll
0x00007ff9f9860000 - 0x00007ff9f986c000 	C:\WINDOWS\SYSTEM32\CRYPTBASE.DLL
0x00007ff9fc9c0000 - 0x00007ff9fcadd000 	C:\WINDOWS\System32\MSCTF.dll
0x00007ff9c4a50000 - 0x00007ff9c4b51000 	C:\WINDOWS\SYSTEM32\opengl32.dll
0x00007ff9d3f50000 - 0x00007ff9d3f7d000 	C:\WINDOWS\SYSTEM32\GLU32.dll
0x00007ff9f7430000 - 0x00007ff9f7468000 	C:\WINDOWS\SYSTEM32\dxcore.dll
0x00007ff9ecda0000 - 0x00007ff9ecde4000 	C:\WINDOWS\SYSTEM32\directxdatabasehelper.dll
0x00007ff9f9180000 - 0x00007ff9f91b4000 	C:\WINDOWS\SYSTEM32\ntmarta.dll
0x00007ff9fc480000 - 0x00007ff9fc535000 	C:\WINDOWS\System32\clbcatq.dll
0x00007ff987e00000 - 0x00007ff988e1a000 	C:\WINDOWS\System32\DriverStore\FileRepository\iigd_dch.inf_amd64_393549dac595e659\ig9icd64.dll
0x00007ff9fa9a0000 - 0x00007ff9fab3a000 	C:\WINDOWS\System32\ole32.dll
0x00007ff9f7470000 - 0x00007ff9f7563000 	C:\WINDOWS\system32\dxgi.dll
0x00007ff9b6650000 - 0x00007ff9b693e000 	C:\WINDOWS\System32\DriverStore\FileRepository\iigd_dch.inf_amd64_393549dac595e659\igdml64.dll
0x00007ff9e7450000 - 0x00007ff9e7818000 	C:\WINDOWS\System32\DriverStore\FileRepository\iigd_dch.inf_amd64_393549dac595e659\igdgmm64.dll
0x00007ff9e3e60000 - 0x00007ff9e7446000 	C:\WINDOWS\System32\DriverStore\FileRepository\iigd_dch.inf_amd64_393549dac595e659\igc64.dll
0x00007ff9f8f70000 - 0x00007ff9f8fbd000 	C:\WINDOWS\SYSTEM32\powrprof.dll
0x00007ff9f8f30000 - 0x00007ff9f8f43000 	C:\WINDOWS\SYSTEM32\UMPDC.dll
0x00007ff9e0df0000 - 0x00007ff9e0f1d000 	C:\WINDOWS\SYSTEM32\textinputframework.dll
0x00007ff9ea710000 - 0x00007ff9eaa7d000 	C:\WINDOWS\SYSTEM32\CoreUIComponents.dll
0x00007ff9d1080000 - 0x00007ff9d10dd000 	C:\Users\nickf\AppData\Local\Temp\lwjglnickf\3.3.1-build-7\lwjgl_opengl.dll
0x00007ff9ebce0000 - 0x00007ff9ebcf0000 	C:\Users\nickf\.jdks\openjdk-17.0.2\bin\verify.dll
0x00007ff98ffd0000 - 0x00007ff990db6000 	C:\Users\nickf\AppData\Local\Temp\imgui-java-natives_1672074960581\imgui-java64.dll

dbghelp: loaded successfully - version: 4.0.5 - missing functions: none
symbol engine: initialized successfully - sym options: 0x614 - pdb path: .;C:\Users\nickf\.jdks\openjdk-17.0.2\bin;C:\WINDOWS\SYSTEM32;C:\WINDOWS\WinSxS\amd64_microsoft.windows.common-controls_6595b64144ccf1df_6.0.22000.120_none_9d947278b86cc467;C:\Users\nickf\.jdks\openjdk-17.0.2\bin\server;C:\Program Files\JetBrains\IntelliJ IDEA Community Edition 2021.3\bin;C:\Users\nickf\AppData\Local\Temp\lwjglnickf\3.3.1-build-7;c:\Program Files\HP\HP ProtectTools Security Manager\Bin;C:\WINDOWS\System32\DriverStore\FileRepository\iigd_dch.inf_amd64_393549dac595e659;C:\Users\nickf\AppData\Local\Temp\imgui-java-natives_1672074960581

VM Arguments:
jvm_args: -javaagent:C:\Program Files\JetBrains\IntelliJ IDEA Community Edition 2021.3\lib\idea_rt.jar=56246:C:\Program Files\JetBrains\IntelliJ IDEA Community Edition 2021.3\bin -Dfile.encoding=UTF-8 
java_command: com.paperclip.editor.PaperclipKt
java_class_path (initial): C:\Users\nickf\Dev\Paperclip\PaperclipEditor\build\classes\kotlin\main;C:\Users\nickf\Dev\Paperclip\PaperclipEngine\vendor\jbox2d-library-2.2.1.1.jar;C:\Users\nickf\Dev\Paperclip\PaperclipEngine\build\classes\kotlin\main;C:\Users\nickf\Dev\Paperclip\PaperclipEngine\build\resources\main;C:\Users\nickf\.gradle\caches\modules-2\files-2.1\org.jetbrains.kotlin\kotlin-stdlib-jdk8\1.7.21\5407c3593c58860cec5ee3f66c468396b42f4c2b\kotlin-stdlib-jdk8-1.7.21.jar;C:\Users\nickf\.gradle\caches\modules-2\files-2.1\io.github.spair\imgui-java-app\1.86.5\5f70e58a091f1f96f5fc2409210523b763737b4a\imgui-java-app-1.86.5.jar;C:\Users\nickf\.gradle\caches\modules-2\files-2.1\io.github.spair\imgui-java-binding\1.86.5\6a0ad718604859e2f12b1034ce8c04b4377f2cde\imgui-java-binding-1.86.5.jar;C:\Users\nickf\.gradle\caches\modules-2\files-2.1\io.github.spair\imgui-java-lwjgl3\1.86.5\f968208855eefee3d27c653cff1e3de5e1df8ee2\imgui-java-lwjgl3-1.86.5.jar;C:\Users\nickf\.gradle\caches\modules-2\files-2.1\org.lwjgl\lwjgl-assimp\3.3.1\312072f451794f25670aebb0160ce6ec88aff842\lwjgl-assimp-3.3.1.jar;C:\Users\nickf\.gradle\caches\modules-2\files-2.1\org.lwjgl\lwjgl-glfw\3.3.1\cbac1b8d30cb4795149c1ef540f912671a8616d0\lwjgl-glfw-3.3.1.jar;C:\Users\nickf\.gradle\caches\modules-2\files-2.1\org.lwjgl\lwjgl-glfw\3.3.1\81716978214ecbda15050ca394b06ef61501a49e\lwjgl-glfw-3.3.1-natives-linux.jar;C:\Users\nickf\.gradle\caches\modules-2\files-2.1\org.lwjgl\lwjgl-glfw\3.3.1\9ec4ce1fc8c85fdef03ef4ff2aace6f5775fb280\lwjgl-glfw-3.3.1-natives-macos.jar;C:\Users\nickf\.gradle\caches\modules-2\files-2.1\org.lwjgl\lwjgl-glfw\3.3.1\ed892f945cf7e79c8756796f32d00fa4ceaf573b\lwjgl-glfw-3.3.1-natives-windows.jar;C:\Users\nickf\.gradle\caches\modules-2\files-2.1\org.lwjgl\lwjgl-openal\3.3.1\2623a6b8ae1dfcd880738656a9f0243d2e6840bd\lwjgl-openal-3.3.1.jar;C:\Users\nickf\.gradle\caches\modules-2\files-2.1\org.lwjgl\lwjgl-opengl\3.3.1\831a5533a21a5f4f81bbc51bb13e9899319b5411\lwjgl-opengl-3.3.1.jar;C:\Users
Launcher Type: SUN_STANDARD

[Global flags]
     intx CICompilerCount                          = 4                                         {product} {ergonomic}
     uint ConcGCThreads                            = 2                                         {product} {ergonomic}
     uint G1ConcRefinementThreads                  = 8                                         {product} {ergonomic}
   size_t G1HeapRegionSize                         = 1048576                                   {product} {ergonomic}
    uintx GCDrainStackTargetSize                   = 64                                        {product} {ergonomic}
   size_t InitialHeapSize                          = 132120576                                 {product} {ergonomic}
   size_t MarkStackSize                            = 4194304                                   {product} {ergonomic}
   size_t MaxHeapSize                              = 2105540608                                {product} {ergonomic}
   size_t MaxNewSize                               = 1262485504                                {product} {ergonomic}
   size_t MinHeapDeltaBytes                        = 1048576                                   {product} {ergonomic}
   size_t MinHeapSize                              = 8388608                                   {product} {ergonomic}
    uintx NonNMethodCodeHeapSize                   = 5839372                                {pd product} {ergonomic}
    uintx NonProfiledCodeHeapSize                  = 122909434                              {pd product} {ergonomic}
    uintx ProfiledCodeHeapSize                     = 122909434                              {pd product} {ergonomic}
    uintx ReservedCodeCacheSize                    = 251658240                              {pd product} {ergonomic}
     bool SegmentedCodeCache                       = true                                      {product} {ergonomic}
   size_t SoftMaxHeapSize                          = 2105540608                             {manageable} {ergonomic}
     bool UseCompressedClassPointers               = true                           {product lp64_product} {ergonomic}
     bool UseCompressedOops                        = true                           {product lp64_product} {ergonomic}
     bool UseG1GC                                  = true                                      {product} {ergonomic}
     bool UseLargePagesIndividualAllocation        = false                                  {pd product} {ergonomic}

Logging:
Log output configuration:
 #0: stdout all=warning uptime,level,tags
 #1: stderr all=off uptime,level,tags

Environment Variables:
PATH=C:\Program Files (x86)\Common Files\Intel\Shared Libraries\redist\intel64_win\compiler;C:\Program Files (x86)\Common Files\Intel\Shared Libraries\redist\intel64\compiler;C:\Program Files\Common Files\Oracle\Java\javapath;C:\Program Files (x86)\Common Files\Oracle\Java\javapath;C:\WINDOWS\system32;C:\WINDOWS;C:\WINDOWS\System32\Wbem;C:\WINDOWS\System32\WindowsPowerShell\v1.0\;C:\WINDOWS\System32\OpenSSH\;C:\Program Files\Git\cmd;C:\Program Files\nodejs\;C:\Program Files\Microsoft SQL Server\120\Tools\Binn\;C:\Program Files\Common Files\Autodesk Shared\;C:\Program Files\PowerShell\7\;C:\Users\nickf\AppData\Local\Microsoft\WindowsApps;C:\Users\nickf\AppData\Local\Programs\Microsoft VS Code\bin;C:\Users\nickf\AppData\Roaming\npm;C:\Program Files\JetBrains\IntelliJ IDEA Community Edition 2021.3\bin;;C:\Program Files\heroku\bin
USERNAME=nickf
OS=Windows_NT
PROCESSOR_IDENTIFIER=Intel64 Family 6 Model 142 Stepping 12, GenuineIntel



---------------  S Y S T E M  ---------------

OS:
 Windows 11 , 64 bit Build 22000 (10.0.22000.1335)
OS uptime: 8 days 7:33 hours

CPU: total 8 (initial active 8) (4 cores per cpu, 2 threads per core) family 6 model 142 stepping 12 microcode 0xf4, cx8, cmov, fxsr, ht, mmx, 3dnowpref, sse, sse2, sse3, ssse3, sse4.1, sse4.2, popcnt, lzcnt, tsc, tscinvbit, avx, avx2, aes, erms, clmul, bmi1, bmi2, adx, fma, vzeroupper, clflush, clflushopt

Memory: 4k page, system-wide physical 8029M (847M free)
TotalPageFile size 13582M (AvailPageFile size 3628M)
current process WorkingSet (physical memory assigned to process): 158M, peak: 165M
current process commit charge ("private bytes"): 256M, peak: 263M

vm_info: OpenJDK 64-Bit Server VM (17.0.2+8-86) for windows-amd64 JRE (17.0.2+8-86), built on Dec  7 2021 21:49:10 by "mach5one" with MS VC++ 16.8 / 16.9 (VS2019)

END.
